[ 2023-09-29T08:22:45+08:00 ] 47.92.33.204 /
INFO: [ app_init ] --START--
INFO: Run Behavior\BuildLiteBehavior [ RunTime:0.000007s ]
INFO: [ app_init ] --END-- [ RunTime:0.000259s ]
INFO: [ app_begin ] --START--
INFO: Run Behavior\ReadHtmlCacheBehavior [ RunTime:0.000303s ]
INFO: Run Behavior\CheckLangBehavior [ RunTime:0.000196s ]
INFO: [ app_begin ] --END-- [ RunTime:0.000543s ]
NOTIC: [8] Undefined index: userinfo C:\dev\web\app\Mobile\Controller\CommonController.class.php 第 6 行.
NOTIC: [2] Creating default object from empty value C:\dev\web\app\Common\Common\function.php 第 493 行.

[ 2023-09-29T08:22:46+08:00 ] 47.92.33.204 /
INFO: [ app_init ] --START--
INFO: Run Behavior\BuildLiteBehavior [ RunTime:0.000007s ]
INFO: [ app_init ] --END-- [ RunTime:0.000219s ]
INFO: [ app_begin ] --START--
INFO: Run Behavior\ReadHtmlCacheBehavior [ RunTime:0.000266s ]
INFO: Run Behavior\CheckLangBehavior [ RunTime:0.000178s ]
INFO: [ app_begin ] --END-- [ RunTime:0.000486s ]
NOTIC: [8] Undefined index: userinfo C:\dev\web\app\Mobile\Controller\CommonController.class.php 第 6 行.
NOTIC: [2] Creating default object from empty value C:\dev\web\app\Common\Common\function.php 第 493 行.

[ 2023-09-29T08:34:09+08:00 ] 8.142.42.74 /
INFO: [ app_init ] --START--
INFO: Run Behavior\BuildLiteBehavior [ RunTime:0.000008s ]
INFO: [ app_init ] --END-- [ RunTime:0.000340s ]
INFO: [ app_begin ] --START--
INFO: Run Behavior\ReadHtmlCacheBehavior [ RunTime:0.000345s ]
INFO: Run Behavior\CheckLangBehavior [ RunTime:0.000239s ]
INFO: [ app_begin ] --END-- [ RunTime:0.000634s ]
NOTIC: [8] Undefined index: userinfo C:\dev\web\app\Mobile\Controller\CommonController.class.php 第 6 行.
NOTIC: [2] Creating default object from empty value C:\dev\web\app\Common\Common\function.php 第 493 行.

[ 2023-09-29T08:34:10+08:00 ] 8.142.42.74 /
INFO: [ app_init ] --START--
INFO: Run Behavior\BuildLiteBehavior [ RunTime:0.000008s ]
INFO: [ app_init ] --END-- [ RunTime:0.000205s ]
INFO: [ app_begin ] --START--
INFO: Run Behavior\ReadHtmlCacheBehavior [ RunTime:0.000246s ]
INFO: Run Behavior\CheckLangBehavior [ RunTime:0.000163s ]
INFO: [ app_begin ] --END-- [ RunTime:0.000459s ]
NOTIC: [8] Undefined index: userinfo C:\dev\web\app\Mobile\Controller\CommonController.class.php 第 6 行.
NOTIC: [2] Creating default object from empty value C:\dev\web\app\Common\Common\function.php 第 493 行.

[ 2023-09-29T10:07:05+08:00 ] 66.249.64.131 /
INFO: [ app_init ] --START--
INFO: Run Behavior\BuildLiteBehavior [ RunTime:0.000007s ]
INFO: [ app_init ] --END-- [ RunTime:0.000235s ]
INFO: [ app_begin ] --START--
INFO: Run Behavior\ReadHtmlCacheBehavior [ RunTime:0.000277s ]
INFO: Run Behavior\CheckLangBehavior [ RunTime:0.000194s ]
INFO: [ app_begin ] --END-- [ RunTime:0.000513s ]
NOTIC: [8] Undefined index: userinfo C:\dev\web\app\Mobile\Controller\CommonController.class.php 第 6 行.
NOTIC: [2] Creating default object from empty value C:\dev\web\app\Common\Common\function.php 第 493 行.
NOTIC: [8] Undefined index: userinfo C:\dev\web\Core\Library\Think\Controller.class.php 第 43 行.
NOTIC: [8] Undefined index: userinfo C:\dev\web\Core\Library\Think\Controller.class.php 第 44 行.
NOTIC: [8] Undefined variable: bankpaylists C:\dev\web\app\Api\Controller\LotteryController.class.php 第 152 行.
NOTIC: [8] Undefined index: expect C:\dev\web\app\Mobile\Controller\CommonController.class.php 第 77 行.
NOTIC: [8] Undefined index: opencode C:\dev\web\app\Mobile\Controller\CommonController.class.php 第 78 行.
NOTIC: [8] Undefined index: userinfo C:\dev\web\Core\Library\Think\Controller.class.php 第 43 行.
NOTIC: [8] Undefined index: userinfo C:\dev\web\Core\Library\Think\Controller.class.php 第 44 行.
NOTIC: [8] Undefined index: face C:\dev\web\app\Mobile\Controller\IndexController.class.php 第 99 行.
NOTIC: [8] Undefined offset: 6 C:\dev\web\app\Mobile\Controller\IndexController.class.php 第 102 行.
NOTIC: [8] Undefined index: face C:\dev\web\app\Mobile\Controller\IndexController.class.php 第 99 行.
NOTIC: [8] Undefined offset: 4 C:\dev\web\app\Mobile\Controller\IndexController.class.php 第 102 行.
NOTIC: [8] Undefined index: face C:\dev\web\app\Mobile\Controller\IndexController.class.php 第 99 行.
NOTIC: [8] Undefined offset: 10 C:\dev\web\app\Mobile\Controller\IndexController.class.php 第 102 行.
NOTIC: [8] Undefined index: face C:\dev\web\app\Mobile\Controller\IndexController.class.php 第 99 行.
NOTIC: [8] Undefined offset: 8 C:\dev\web\app\Mobile\Controller\IndexController.class.php 第 102 行.
NOTIC: [8] Undefined index: face C:\dev\web\app\Mobile\Controller\IndexController.class.php 第 99 行.
NOTIC: [8] Undefined offset: 13 C:\dev\web\app\Mobile\Controller\IndexController.class.php 第 102 行.
NOTIC: [8] Undefined index: face C:\dev\web\app\Mobile\Controller\IndexController.class.php 第 99 行.
NOTIC: [8] Undefined offset: 3 C:\dev\web\app\Mobile\Controller\IndexController.class.php 第 102 行.
NOTIC: [8] Undefined index: face C:\dev\web\app\Mobile\Controller\IndexController.class.php 第 99 行.
NOTIC: [8] Undefined offset: 4 C:\dev\web\app\Mobile\Controller\IndexController.class.php 第 102 行.
NOTIC: [8] Undefined index: face C:\dev\web\app\Mobile\Controller\IndexController.class.php 第 99 行.
NOTIC: [8] Undefined offset: 9 C:\dev\web\app\Mobile\Controller\IndexController.class.php 第 102 行.
NOTIC: [8] Undefined index: face C:\dev\web\app\Mobile\Controller\IndexController.class.php 第 99 行.
NOTIC: [8] Undefined offset: 2 C:\dev\web\app\Mobile\Controller\IndexController.class.php 第 102 行.
NOTIC: [8] Undefined index: face C:\dev\web\app\Mobile\Controller\IndexController.class.php 第 99 行.
NOTIC: [8] Undefined offset: 12 C:\dev\web\app\Mobile\Controller\IndexController.class.php 第 102 行.
NOTIC: [8] Undefined index: face C:\dev\web\app\Mobile\Controller\IndexController.class.php 第 99 行.
NOTIC: [8] Undefined offset: 13 C:\dev\web\app\Mobile\Controller\IndexController.class.php 第 102 行.
NOTIC: [8] Undefined index: face C:\dev\web\app\Mobile\Controller\IndexController.class.php 第 99 行.
NOTIC: [8] Undefined index: face C:\dev\web\app\Mobile\Controller\IndexController.class.php 第 99 行.
NOTIC: [8] Undefined offset: 3 C:\dev\web\app\Mobile\Controller\IndexController.class.php 第 102 行.
NOTIC: [8] Undefined index: face C:\dev\web\app\Mobile\Controller\IndexController.class.php 第 99 行.
NOTIC: [8] Undefined offset: 3 C:\dev\web\app\Mobile\Controller\IndexController.class.php 第 102 行.
NOTIC: [8] Undefined index: face C:\dev\web\app\Mobile\Controller\IndexController.class.php 第 99 行.
NOTIC: [8] Undefined offset: 2 C:\dev\web\app\Mobile\Controller\IndexController.class.php 第 102 行.
NOTIC: [8] Undefined index: face C:\dev\web\app\Mobile\Controller\IndexController.class.php 第 99 行.
NOTIC: [8] Undefined offset: 2 C:\dev\web\app\Mobile\Controller\IndexController.class.php 第 102 行.
NOTIC: [8] Undefined index: face C:\dev\web\app\Mobile\Controller\IndexController.class.php 第 99 行.
NOTIC: [8] Undefined offset: 5 C:\dev\web\app\Mobile\Controller\IndexController.class.php 第 102 行.
NOTIC: [8] Undefined index: face C:\dev\web\app\Mobile\Controller\IndexController.class.php 第 99 行.
NOTIC: [8] Undefined offset: 4 C:\dev\web\app\Mobile\Controller\IndexController.class.php 第 102 行.
NOTIC: [8] Undefined index: face C:\dev\web\app\Mobile\Controller\IndexController.class.php 第 99 行.
NOTIC: [8] Undefined offset: 11 C:\dev\web\app\Mobile\Controller\IndexController.class.php 第 102 行.
NOTIC: [8] Undefined index: face C:\dev\web\app\Mobile\Controller\IndexController.class.php 第 99 行.
NOTIC: [8] Undefined index: face C:\dev\web\app\Mobile\Controller\IndexController.class.php 第 99 行.
NOTIC: [8] Undefined offset: 11 C:\dev\web\app\Mobile\Controller\IndexController.class.php 第 102 行.
NOTIC: [8] Undefined index: face C:\dev\web\app\Mobile\Controller\IndexController.class.php 第 99 行.
NOTIC: [8] Undefined offset: 2 C:\dev\web\app\Mobile\Controller\IndexController.class.php 第 102 行.
NOTIC: [8] Undefined index: face C:\dev\web\app\Mobile\Controller\IndexController.class.php 第 99 行.
NOTIC: [8] Undefined offset: 2 C:\dev\web\app\Mobile\Controller\IndexController.class.php 第 102 行.
NOTIC: [8] Undefined index: face C:\dev\web\app\Mobile\Controller\IndexController.class.php 第 99 行.
NOTIC: [8] Undefined offset: 13 C:\dev\web\app\Mobile\Controller\IndexController.class.php 第 102 行.
NOTIC: [8] Undefined index: face C:\dev\web\app\Mobile\Controller\IndexController.class.php 第 99 行.
NOTIC: [8] Undefined offset: 5 C:\dev\web\app\Mobile\Controller\IndexController.class.php 第 102 行.
NOTIC: [8] Undefined index: face C:\dev\web\app\Mobile\Controller\IndexController.class.php 第 99 行.
NOTIC: [8] Undefined offset: 13 C:\dev\web\app\Mobile\Controller\IndexController.class.php 第 102 行.
NOTIC: [8] Undefined index: face C:\dev\web\app\Mobile\Controller\IndexController.class.php 第 99 行.
NOTIC: [8] Undefined index: face C:\dev\web\app\Mobile\Controller\IndexController.class.php 第 99 行.
NOTIC: [8] Undefined index: face C:\dev\web\app\Mobile\Controller\IndexController.class.php 第 99 行.
NOTIC: [8] Undefined offset: 8 C:\dev\web\app\Mobile\Controller\IndexController.class.php 第 102 行.
NOTIC: [8] Undefined index: face C:\dev\web\app\Mobile\Controller\IndexController.class.php 第 99 行.
NOTIC: [8] Undefined offset: 7 C:\dev\web\app\Mobile\Controller\IndexController.class.php 第 102 行.
INFO: [ view_parse ] --START--
INFO: [ template_filter ] --START--
INFO: Run Behavior\ContentReplaceBehavior [ RunTime:0.000271s ]
INFO: [ template_filter ] --END-- [ RunTime:0.000315s ]
NOTIC: [8] Use of undefined constant title - assumed 'title' C:\dev\web\Runtime\Cache\Mobile\c5d11212ea1bbb6219d4c6c45b19408a.php 第 183 行.
INFO: Run Behavior\ParseTemplateBehavior [ RunTime:0.109188s ]
INFO: [ view_parse ] --END-- [ RunTime:0.109246s ]
INFO: [ view_filter ] --START--
INFO: Run Behavior\WriteHtmlCacheBehavior [ RunTime:0.000383s ]
INFO: [ view_filter ] --END-- [ RunTime:0.000406s ]
INFO: [ app_end ] --START--
INFO: Run Behavior\ShowPageTraceBehavior [ RunTime:0.000413s ]
INFO: [ app_end ] --END-- [ RunTime:0.000437s ]

[ 2023-09-29T10:30:53+08:00 ] 47.92.73.109 /
INFO: [ app_init ] --START--
INFO: Run Behavior\BuildLiteBehavior [ RunTime:0.000007s ]
INFO: [ app_init ] --END-- [ RunTime:0.000249s ]
INFO: [ app_begin ] --START--
INFO: Run Behavior\ReadHtmlCacheBehavior [ RunTime:0.000289s ]
INFO: Run Behavior\CheckLangBehavior [ RunTime:0.000193s ]
INFO: [ app_begin ] --END-- [ RunTime:0.000524s ]
NOTIC: [8] Undefined index: userinfo C:\dev\web\app\Mobile\Controller\CommonController.class.php 第 6 行.
NOTIC: [2] Creating default object from empty value C:\dev\web\app\Common\Common\function.php 第 493 行.

[ 2023-09-29T10:30:55+08:00 ] 47.92.73.109 /
INFO: [ app_init ] --START--
INFO: Run Behavior\BuildLiteBehavior [ RunTime:0.000007s ]
INFO: [ app_init ] --END-- [ RunTime:0.000200s ]
INFO: [ app_begin ] --START--
INFO: Run Behavior\ReadHtmlCacheBehavior [ RunTime:0.000326s ]
INFO: Run Behavior\CheckLangBehavior [ RunTime:0.000171s ]
INFO: [ app_begin ] --END-- [ RunTime:0.000552s ]
NOTIC: [8] Undefined index: userinfo C:\dev\web\app\Mobile\Controller\CommonController.class.php 第 6 行.
NOTIC: [2] Creating default object from empty value C:\dev\web\app\Common\Common\function.php 第 493 行.

[ 2023-09-29T10:30:56+08:00 ] 47.92.5.239 /
INFO: [ app_init ] --START--
INFO: Run Behavior\BuildLiteBehavior [ RunTime:0.000006s ]
INFO: [ app_init ] --END-- [ RunTime:0.000197s ]
INFO: [ app_begin ] --START--
INFO: Run Behavior\ReadHtmlCacheBehavior [ RunTime:0.000247s ]
INFO: Run Behavior\CheckLangBehavior [ RunTime:0.000164s ]
INFO: [ app_begin ] --END-- [ RunTime:0.000457s ]
NOTIC: [8] Undefined index: userinfo C:\dev\web\app\Mobile\Controller\CommonController.class.php 第 6 行.
NOTIC: [2] Creating default object from empty value C:\dev\web\app\Common\Common\function.php 第 493 行.

