[ 2023-10-04T18:56:33+08:00 ] 14.191.110.232 /Apijiekou.lotterytimes
INFO: [ app_init ] --START--
INFO: Run Behavior\BuildLiteBehavior [ RunTime:0.000008s ]
INFO: [ app_init ] --END-- [ RunTime:0.000248s ]
INFO: [ app_begin ] --START--
INFO: Run Behavior\ReadHtmlCacheBehavior [ RunTime:0.000339s ]
INFO: Run Behavior\CheckLangBehavior [ RunTime:0.000203s ]
INFO: [ app_begin ] --END-- [ RunTime:0.000613s ]
NOTIC: [2048] Declaration of Mobile\Controller\ApijiekouController::getLottery() should be compatible with Common\Controller\ApijiekouController::getLottery($apiparam = Array) D:\dev\web\app\Mobile\Controller\ApijiekouController.class.php 第 5 行.
NOTIC: [2048] Declaration of Mobile\Controller\ApijiekouController::getLotterycode() should be compatible with Common\Controller\ApijiekouController::getLotterycode($apiparam = Array) D:\dev\web\app\Mobile\Controller\ApijiekouController.class.php 第 5 行.
NOTIC: [8] Undefined index: userinfo D:\dev\web\Core\Library\Think\Controller.class.php 第 43 行.
NOTIC: [8] Undefined index: userinfo D:\dev\web\Core\Library\Think\Controller.class.php 第 44 行.

[ 2023-10-04T18:56:34+08:00 ] 14.191.110.232 /Account.refreshmoney.do
INFO: [ app_init ] --START--
INFO: Run Behavior\BuildLiteBehavior [ RunTime:0.000010s ]
INFO: [ app_init ] --END-- [ RunTime:0.000266s ]
INFO: [ app_begin ] --START--
INFO: Run Behavior\ReadHtmlCacheBehavior [ RunTime:0.000253s ]
INFO: Run Behavior\CheckLangBehavior [ RunTime:0.000160s ]
INFO: [ app_begin ] --END-- [ RunTime:0.000464s ]
NOTIC: [8] Undefined index: userinfo D:\dev\web\app\Mobile\Controller\CommonController.class.php 第 6 行.
NOTIC: [2] Creating default object from empty value D:\dev\web\app\Common\Common\function.php 第 493 行.
NOTIC: [8] Undefined index: userinfo D:\dev\web\Core\Library\Think\Controller.class.php 第 43 行.
NOTIC: [8] Undefined index: userinfo D:\dev\web\Core\Library\Think\Controller.class.php 第 44 行.

[ 2023-10-04T18:56:34+08:00 ] 14.191.110.232 /Apijiekou.loadopencode?_=1696416993496
INFO: [ app_init ] --START--
INFO: Run Behavior\BuildLiteBehavior [ RunTime:0.000006s ]
INFO: [ app_init ] --END-- [ RunTime:0.000178s ]
INFO: [ app_begin ] --START--
INFO: Run Behavior\ReadHtmlCacheBehavior [ RunTime:0.000316s ]
INFO: Run Behavior\CheckLangBehavior [ RunTime:0.000177s ]
INFO: [ app_begin ] --END-- [ RunTime:0.000554s ]
NOTIC: [2048] Declaration of Mobile\Controller\ApijiekouController::getLottery() should be compatible with Common\Controller\ApijiekouController::getLottery($apiparam = Array) D:\dev\web\app\Mobile\Controller\ApijiekouController.class.php 第 5 行.
NOTIC: [2048] Declaration of Mobile\Controller\ApijiekouController::getLotterycode() should be compatible with Common\Controller\ApijiekouController::getLotterycode($apiparam = Array) D:\dev\web\app\Mobile\Controller\ApijiekouController.class.php 第 5 行.
NOTIC: [8] Undefined index: userinfo D:\dev\web\Core\Library\Think\Controller.class.php 第 43 行.
NOTIC: [8] Undefined index: userinfo D:\dev\web\Core\Library\Think\Controller.class.php 第 44 行.
NOTIC: [8] Undefined index: userinfo D:\dev\web\Core\Library\Think\Controller.class.php 第 43 行.
NOTIC: [8] Undefined index: userinfo D:\dev\web\Core\Library\Think\Controller.class.php 第 44 行.
INFO: [ app_end ] --START--
INFO: Run Behavior\ShowPageTraceBehavior [ RunTime:0.000319s ]
INFO: [ app_end ] --END-- [ RunTime:0.000350s ]

[ 2023-10-04T18:56:34+08:00 ] 14.191.110.232 /Apijiekou.betslisttoday
INFO: [ app_init ] --START--
INFO: Run Behavior\BuildLiteBehavior [ RunTime:0.000019s ]
INFO: [ app_init ] --END-- [ RunTime:0.000329s ]
INFO: [ app_begin ] --START--
INFO: Run Behavior\ReadHtmlCacheBehavior [ RunTime:0.000336s ]
INFO: Run Behavior\CheckLangBehavior [ RunTime:0.000202s ]
INFO: [ app_begin ] --END-- [ RunTime:0.000594s ]
NOTIC: [2048] Declaration of Mobile\Controller\ApijiekouController::getLottery() should be compatible with Common\Controller\ApijiekouController::getLottery($apiparam = Array) D:\dev\web\app\Mobile\Controller\ApijiekouController.class.php 第 5 行.
NOTIC: [2048] Declaration of Mobile\Controller\ApijiekouController::getLotterycode() should be compatible with Common\Controller\ApijiekouController::getLotterycode($apiparam = Array) D:\dev\web\app\Mobile\Controller\ApijiekouController.class.php 第 5 行.
NOTIC: [8] Undefined index: userinfo D:\dev\web\Core\Library\Think\Controller.class.php 第 43 行.
NOTIC: [8] Undefined index: userinfo D:\dev\web\Core\Library\Think\Controller.class.php 第 44 行.

[ 2023-10-04T18:56:34+08:00 ] 14.191.110.232 /Apijiekou.checkislogin
INFO: [ app_init ] --START--
INFO: Run Behavior\BuildLiteBehavior [ RunTime:0.000007s ]
INFO: [ app_init ] --END-- [ RunTime:0.000215s ]
INFO: [ app_begin ] --START--
INFO: Run Behavior\ReadHtmlCacheBehavior [ RunTime:0.000368s ]
INFO: Run Behavior\CheckLangBehavior [ RunTime:0.000186s ]
INFO: [ app_begin ] --END-- [ RunTime:0.000601s ]
NOTIC: [2048] Declaration of Mobile\Controller\ApijiekouController::getLottery() should be compatible with Common\Controller\ApijiekouController::getLottery($apiparam = Array) D:\dev\web\app\Mobile\Controller\ApijiekouController.class.php 第 5 行.
NOTIC: [2048] Declaration of Mobile\Controller\ApijiekouController::getLotterycode() should be compatible with Common\Controller\ApijiekouController::getLotterycode($apiparam = Array) D:\dev\web\app\Mobile\Controller\ApijiekouController.class.php 第 5 行.
NOTIC: [8] Undefined index: userinfo D:\dev\web\Core\Library\Think\Controller.class.php 第 43 行.
NOTIC: [8] Undefined index: userinfo D:\dev\web\Core\Library\Think\Controller.class.php 第 44 行.
INFO: [ app_end ] --START--
INFO: Run Behavior\ShowPageTraceBehavior [ RunTime:0.000293s ]
INFO: [ app_end ] --END-- [ RunTime:0.000315s ]

[ 2023-10-04T18:56:35+08:00 ] 14.191.110.232 /Apijiekou.loadopencode?_=1696416995001
INFO: [ app_init ] --START--
INFO: Run Behavior\BuildLiteBehavior [ RunTime:0.000008s ]
INFO: [ app_init ] --END-- [ RunTime:0.000207s ]
INFO: [ app_begin ] --START--
INFO: Run Behavior\ReadHtmlCacheBehavior [ RunTime:0.000268s ]
INFO: Run Behavior\CheckLangBehavior [ RunTime:0.000155s ]
INFO: [ app_begin ] --END-- [ RunTime:0.000468s ]
NOTIC: [2048] Declaration of Mobile\Controller\ApijiekouController::getLottery() should be compatible with Common\Controller\ApijiekouController::getLottery($apiparam = Array) D:\dev\web\app\Mobile\Controller\ApijiekouController.class.php 第 5 行.
NOTIC: [2048] Declaration of Mobile\Controller\ApijiekouController::getLotterycode() should be compatible with Common\Controller\ApijiekouController::getLotterycode($apiparam = Array) D:\dev\web\app\Mobile\Controller\ApijiekouController.class.php 第 5 行.
NOTIC: [8] Undefined index: userinfo D:\dev\web\Core\Library\Think\Controller.class.php 第 43 行.
NOTIC: [8] Undefined index: userinfo D:\dev\web\Core\Library\Think\Controller.class.php 第 44 行.
NOTIC: [8] Undefined index: userinfo D:\dev\web\Core\Library\Think\Controller.class.php 第 43 行.
NOTIC: [8] Undefined index: userinfo D:\dev\web\Core\Library\Think\Controller.class.php 第 44 行.
INFO: [ app_end ] --START--
INFO: Run Behavior\ShowPageTraceBehavior [ RunTime:0.000341s ]
INFO: [ app_end ] --END-- [ RunTime:0.000379s ]

[ 2023-10-04T18:56:35+08:00 ] 14.191.110.232 /Public.login.do
INFO: [ app_init ] --START--
INFO: Run Behavior\BuildLiteBehavior [ RunTime:0.000010s ]
INFO: [ app_init ] --END-- [ RunTime:0.000291s ]
INFO: [ app_begin ] --START--
INFO: Run Behavior\ReadHtmlCacheBehavior [ RunTime:0.000280s ]
INFO: Run Behavior\CheckLangBehavior [ RunTime:0.000187s ]
INFO: [ app_begin ] --END-- [ RunTime:0.000520s ]
NOTIC: [8] Undefined index: userinfo D:\dev\web\app\Mobile\Controller\CommonController.class.php 第 6 行.
NOTIC: [2] Creating default object from empty value D:\dev\web\app\Common\Common\function.php 第 493 行.
NOTIC: [8] Undefined index: userinfo D:\dev\web\Core\Library\Think\Controller.class.php 第 43 行.
NOTIC: [8] Undefined index: userinfo D:\dev\web\Core\Library\Think\Controller.class.php 第 44 行.
NOTIC: [8] Undefined index: userinfo D:\dev\web\app\Mobile\Controller\PublicController.class.php 第 16 行.
INFO: [ view_parse ] --START--
INFO: [ template_filter ] --START--
INFO: Run Behavior\ContentReplaceBehavior [ RunTime:0.000154s ]
INFO: [ template_filter ] --END-- [ RunTime:0.000230s ]
INFO: Run Behavior\ParseTemplateBehavior [ RunTime:0.018262s ]
INFO: [ view_parse ] --END-- [ RunTime:0.018314s ]
INFO: [ view_filter ] --START--
INFO: Run Behavior\WriteHtmlCacheBehavior [ RunTime:0.000294s ]
INFO: [ view_filter ] --END-- [ RunTime:0.000313s ]
INFO: [ app_end ] --START--
INFO: Run Behavior\ShowPageTraceBehavior [ RunTime:0.000338s ]
INFO: [ app_end ] --END-- [ RunTime:0.000359s ]

[ 2023-10-04T18:56:35+08:00 ] 14.191.110.232 /Apijiekou.lotteryopencodes
INFO: [ app_init ] --START--
INFO: Run Behavior\BuildLiteBehavior [ RunTime:0.000007s ]
INFO: [ app_init ] --END-- [ RunTime:0.000198s ]
INFO: [ app_begin ] --START--
INFO: Run Behavior\ReadHtmlCacheBehavior [ RunTime:0.000358s ]
INFO: Run Behavior\CheckLangBehavior [ RunTime:0.000175s ]
INFO: [ app_begin ] --END-- [ RunTime:0.000590s ]
NOTIC: [2048] Declaration of Mobile\Controller\ApijiekouController::getLottery() should be compatible with Common\Controller\ApijiekouController::getLottery($apiparam = Array) D:\dev\web\app\Mobile\Controller\ApijiekouController.class.php 第 5 行.
NOTIC: [2048] Declaration of Mobile\Controller\ApijiekouController::getLotterycode() should be compatible with Common\Controller\ApijiekouController::getLotterycode($apiparam = Array) D:\dev\web\app\Mobile\Controller\ApijiekouController.class.php 第 5 行.
NOTIC: [8] Undefined index: userinfo D:\dev\web\Core\Library\Think\Controller.class.php 第 43 行.
NOTIC: [8] Undefined index: userinfo D:\dev\web\Core\Library\Think\Controller.class.php 第 44 行.
NOTIC: [8] Undefined variable: expect D:\dev\web\app\Mobile\Controller\ApijiekouController.class.php 第 296 行.
NOTIC: [8] Undefined index: userinfo D:\dev\web\Core\Library\Think\Controller.class.php 第 43 行.
NOTIC: [8] Undefined index: userinfo D:\dev\web\Core\Library\Think\Controller.class.php 第 44 行.
INFO: [ app_end ] --START--
INFO: Run Behavior\ShowPageTraceBehavior [ RunTime:0.000627s ]
INFO: [ app_end ] --END-- [ RunTime:0.000693s ]

[ 2023-10-04T18:56:37+08:00 ] 14.191.110.232 /Account.refreshmoney.do
INFO: [ app_init ] --START--
INFO: Run Behavior\BuildLiteBehavior [ RunTime:0.000007s ]
INFO: [ app_init ] --END-- [ RunTime:0.000186s ]
INFO: [ app_begin ] --START--
INFO: Run Behavior\ReadHtmlCacheBehavior [ RunTime:0.000238s ]
INFO: Run Behavior\CheckLangBehavior [ RunTime:0.000152s ]
INFO: [ app_begin ] --END-- [ RunTime:0.000432s ]
NOTIC: [8] Undefined index: userinfo D:\dev\web\app\Mobile\Controller\CommonController.class.php 第 6 行.
NOTIC: [2] Creating default object from empty value D:\dev\web\app\Common\Common\function.php 第 493 行.
NOTIC: [8] Undefined index: userinfo D:\dev\web\Core\Library\Think\Controller.class.php 第 43 行.
NOTIC: [8] Undefined index: userinfo D:\dev\web\Core\Library\Think\Controller.class.php 第 44 行.

[ 2023-10-04T18:56:37+08:00 ] 14.191.110.232 /Public.login.do
INFO: [ app_init ] --START--
INFO: Run Behavior\BuildLiteBehavior [ RunTime:0.000007s ]
INFO: [ app_init ] --END-- [ RunTime:0.000204s ]
INFO: [ app_begin ] --START--
INFO: Run Behavior\ReadHtmlCacheBehavior [ RunTime:0.000258s ]
INFO: Run Behavior\CheckLangBehavior [ RunTime:0.000161s ]
INFO: [ app_begin ] --END-- [ RunTime:0.000462s ]
NOTIC: [8] Undefined index: userinfo D:\dev\web\app\Mobile\Controller\CommonController.class.php 第 6 行.
NOTIC: [2] Creating default object from empty value D:\dev\web\app\Common\Common\function.php 第 493 行.
NOTIC: [8] Undefined index: userinfo D:\dev\web\Core\Library\Think\Controller.class.php 第 43 行.
NOTIC: [8] Undefined index: userinfo D:\dev\web\Core\Library\Think\Controller.class.php 第 44 行.
NOTIC: [8] Undefined index: userinfo D:\dev\web\app\Mobile\Controller\PublicController.class.php 第 16 行.
INFO: [ view_parse ] --START--
INFO: [ template_filter ] --START--
INFO: Run Behavior\ContentReplaceBehavior [ RunTime:0.000125s ]
INFO: [ template_filter ] --END-- [ RunTime:0.000167s ]
INFO: Run Behavior\ParseTemplateBehavior [ RunTime:0.010413s ]
INFO: [ view_parse ] --END-- [ RunTime:0.010440s ]
INFO: [ view_filter ] --START--
INFO: Run Behavior\WriteHtmlCacheBehavior [ RunTime:0.000161s ]
INFO: [ view_filter ] --END-- [ RunTime:0.000179s ]
INFO: [ app_end ] --START--
INFO: Run Behavior\ShowPageTraceBehavior [ RunTime:0.000264s ]
INFO: [ app_end ] --END-- [ RunTime:0.000286s ]

[ 2023-10-04T19:42:29+08:00 ] 222.249.228.245 /
INFO: [ app_init ] --START--
INFO: Run Behavior\BuildLiteBehavior [ RunTime:0.000007s ]
INFO: [ app_init ] --END-- [ RunTime:0.000226s ]
INFO: [ app_begin ] --START--
INFO: Run Behavior\ReadHtmlCacheBehavior [ RunTime:0.000336s ]
INFO: Run Behavior\CheckLangBehavior [ RunTime:0.000217s ]
INFO: [ app_begin ] --END-- [ RunTime:0.000612s ]
NOTIC: [8] Undefined index: userinfo D:\dev\web\app\Mobile\Controller\CommonController.class.php 第 6 行.
NOTIC: [2] Creating default object from empty value D:\dev\web\app\Common\Common\function.php 第 493 行.
NOTIC: [8] Undefined index: userinfo D:\dev\web\Core\Library\Think\Controller.class.php 第 43 行.
NOTIC: [8] Undefined index: userinfo D:\dev\web\Core\Library\Think\Controller.class.php 第 44 行.
NOTIC: [8] Undefined index: face D:\dev\web\app\Mobile\Controller\IndexController.class.php 第 99 行.
NOTIC: [8] Undefined index: face D:\dev\web\app\Mobile\Controller\IndexController.class.php 第 99 行.
NOTIC: [8] Undefined index: face D:\dev\web\app\Mobile\Controller\IndexController.class.php 第 99 行.
NOTIC: [8] Undefined index: face D:\dev\web\app\Mobile\Controller\IndexController.class.php 第 99 行.
NOTIC: [8] Undefined index: face D:\dev\web\app\Mobile\Controller\IndexController.class.php 第 99 行.
NOTIC: [8] Undefined index: face D:\dev\web\app\Mobile\Controller\IndexController.class.php 第 99 行.
NOTIC: [8] Undefined index: face D:\dev\web\app\Mobile\Controller\IndexController.class.php 第 99 行.
NOTIC: [8] Undefined index: face D:\dev\web\app\Mobile\Controller\IndexController.class.php 第 99 行.
NOTIC: [8] Undefined index: face D:\dev\web\app\Mobile\Controller\IndexController.class.php 第 99 行.
NOTIC: [8] Undefined index: face D:\dev\web\app\Mobile\Controller\IndexController.class.php 第 99 行.
NOTIC: [8] Undefined index: face D:\dev\web\app\Mobile\Controller\IndexController.class.php 第 99 行.
NOTIC: [8] Undefined index: face D:\dev\web\app\Mobile\Controller\IndexController.class.php 第 99 行.
NOTIC: [8] Undefined index: face D:\dev\web\app\Mobile\Controller\IndexController.class.php 第 99 行.
NOTIC: [8] Undefined index: face D:\dev\web\app\Mobile\Controller\IndexController.class.php 第 99 行.
NOTIC: [8] Undefined index: face D:\dev\web\app\Mobile\Controller\IndexController.class.php 第 99 行.
NOTIC: [8] Undefined index: face D:\dev\web\app\Mobile\Controller\IndexController.class.php 第 99 行.
NOTIC: [8] Undefined index: face D:\dev\web\app\Mobile\Controller\IndexController.class.php 第 99 行.
NOTIC: [8] Undefined index: face D:\dev\web\app\Mobile\Controller\IndexController.class.php 第 99 行.
NOTIC: [8] Undefined index: face D:\dev\web\app\Mobile\Controller\IndexController.class.php 第 99 行.
NOTIC: [8] Undefined index: face D:\dev\web\app\Mobile\Controller\IndexController.class.php 第 99 行.
NOTIC: [8] Undefined index: face D:\dev\web\app\Mobile\Controller\IndexController.class.php 第 99 行.
NOTIC: [8] Undefined index: face D:\dev\web\app\Mobile\Controller\IndexController.class.php 第 99 行.
NOTIC: [8] Undefined index: face D:\dev\web\app\Mobile\Controller\IndexController.class.php 第 99 行.
NOTIC: [8] Undefined index: face D:\dev\web\app\Mobile\Controller\IndexController.class.php 第 99 行.
NOTIC: [8] Undefined index: face D:\dev\web\app\Mobile\Controller\IndexController.class.php 第 99 行.
NOTIC: [8] Undefined index: face D:\dev\web\app\Mobile\Controller\IndexController.class.php 第 99 行.
NOTIC: [8] Undefined index: face D:\dev\web\app\Mobile\Controller\IndexController.class.php 第 99 行.
NOTIC: [8] Undefined index: face D:\dev\web\app\Mobile\Controller\IndexController.class.php 第 99 行.
NOTIC: [8] Undefined index: face D:\dev\web\app\Mobile\Controller\IndexController.class.php 第 99 行.
NOTIC: [8] Undefined index: face D:\dev\web\app\Mobile\Controller\IndexController.class.php 第 99 行.
INFO: [ view_parse ] --START--
INFO: [ template_filter ] --START--
INFO: Run Behavior\ContentReplaceBehavior [ RunTime:0.000255s ]
INFO: [ template_filter ] --END-- [ RunTime:0.000285s ]
NOTIC: [8] Use of undefined constant title - assumed 'title' D:\dev\web\Runtime\Cache\Mobile\c5d11212ea1bbb6219d4c6c45b19408a.php 第 183 行.
NOTIC: [8] Use of undefined constant name - assumed 'name' D:\dev\web\Runtime\Cache\Mobile\c5d11212ea1bbb6219d4c6c45b19408a.php 第 283 行.
NOTIC: [8] Use of undefined constant name - assumed 'name' D:\dev\web\Runtime\Cache\Mobile\c5d11212ea1bbb6219d4c6c45b19408a.php 第 283 行.
NOTIC: [8] Use of undefined constant name - assumed 'name' D:\dev\web\Runtime\Cache\Mobile\c5d11212ea1bbb6219d4c6c45b19408a.php 第 283 行.
INFO: Run Behavior\ParseTemplateBehavior [ RunTime:0.020018s ]
INFO: [ view_parse ] --END-- [ RunTime:0.020048s ]
INFO: [ view_filter ] --START--
INFO: Run Behavior\WriteHtmlCacheBehavior [ RunTime:0.000207s ]
INFO: [ view_filter ] --END-- [ RunTime:0.000227s ]
INFO: [ app_end ] --START--
INFO: Run Behavior\ShowPageTraceBehavior [ RunTime:0.000324s ]
INFO: [ app_end ] --END-- [ RunTime:0.000349s ]

[ 2023-10-04T19:42:31+08:00 ] 222.249.228.245 /Public.login.do
INFO: [ app_init ] --START--
INFO: Run Behavior\BuildLiteBehavior [ RunTime:0.000007s ]
INFO: [ app_init ] --END-- [ RunTime:0.000217s ]
INFO: [ app_begin ] --START--
INFO: Run Behavior\ReadHtmlCacheBehavior [ RunTime:0.000346s ]
INFO: Run Behavior\CheckLangBehavior [ RunTime:0.000183s ]
INFO: [ app_begin ] --END-- [ RunTime:0.000574s ]
NOTIC: [8] Undefined index: userinfo D:\dev\web\app\Mobile\Controller\CommonController.class.php 第 6 行.
NOTIC: [2] Creating default object from empty value D:\dev\web\app\Common\Common\function.php 第 493 行.
NOTIC: [8] Undefined index: userinfo D:\dev\web\Core\Library\Think\Controller.class.php 第 43 行.
NOTIC: [8] Undefined index: userinfo D:\dev\web\Core\Library\Think\Controller.class.php 第 44 行.
NOTIC: [8] Undefined index: userinfo D:\dev\web\app\Mobile\Controller\PublicController.class.php 第 16 行.
INFO: [ view_parse ] --START--
INFO: [ template_filter ] --START--
INFO: Run Behavior\ContentReplaceBehavior [ RunTime:0.000095s ]
INFO: [ template_filter ] --END-- [ RunTime:0.000119s ]
INFO: Run Behavior\ParseTemplateBehavior [ RunTime:0.010669s ]
INFO: [ view_parse ] --END-- [ RunTime:0.010700s ]
INFO: [ view_filter ] --START--
INFO: Run Behavior\WriteHtmlCacheBehavior [ RunTime:0.000139s ]
INFO: [ view_filter ] --END-- [ RunTime:0.000159s ]
INFO: [ app_end ] --START--
INFO: Run Behavior\ShowPageTraceBehavior [ RunTime:0.000269s ]
INFO: [ app_end ] --END-- [ RunTime:0.000292s ]

[ 2023-10-04T20:02:19+08:00 ] 66.249.65.163 /
INFO: [ app_init ] --START--
INFO: Run Behavior\BuildLiteBehavior [ RunTime:0.000007s ]
INFO: [ app_init ] --END-- [ RunTime:0.000252s ]
INFO: [ app_begin ] --START--
INFO: Run Behavior\ReadHtmlCacheBehavior [ RunTime:0.000262s ]
INFO: Run Behavior\CheckLangBehavior [ RunTime:0.000198s ]
INFO: [ app_begin ] --END-- [ RunTime:0.000504s ]
NOTIC: [8] Undefined index: userinfo D:\dev\web\app\Mobile\Controller\CommonController.class.php 第 6 行.
NOTIC: [2] Creating default object from empty value D:\dev\web\app\Common\Common\function.php 第 493 行.
NOTIC: [8] Undefined index: userinfo D:\dev\web\Core\Library\Think\Controller.class.php 第 43 行.
NOTIC: [8] Undefined index: userinfo D:\dev\web\Core\Library\Think\Controller.class.php 第 44 行.
NOTIC: [8] Undefined index: face D:\dev\web\app\Mobile\Controller\IndexController.class.php 第 99 行.
NOTIC: [8] Undefined index: face D:\dev\web\app\Mobile\Controller\IndexController.class.php 第 99 行.
NOTIC: [8] Undefined index: face D:\dev\web\app\Mobile\Controller\IndexController.class.php 第 99 行.
NOTIC: [8] Undefined index: face D:\dev\web\app\Mobile\Controller\IndexController.class.php 第 99 行.
NOTIC: [8] Undefined index: face D:\dev\web\app\Mobile\Controller\IndexController.class.php 第 99 行.
NOTIC: [8] Undefined index: face D:\dev\web\app\Mobile\Controller\IndexController.class.php 第 99 行.
NOTIC: [8] Undefined index: face D:\dev\web\app\Mobile\Controller\IndexController.class.php 第 99 行.
NOTIC: [8] Undefined index: face D:\dev\web\app\Mobile\Controller\IndexController.class.php 第 99 行.
NOTIC: [8] Undefined index: face D:\dev\web\app\Mobile\Controller\IndexController.class.php 第 99 行.
NOTIC: [8] Undefined index: face D:\dev\web\app\Mobile\Controller\IndexController.class.php 第 99 行.
NOTIC: [8] Undefined index: face D:\dev\web\app\Mobile\Controller\IndexController.class.php 第 99 行.
NOTIC: [8] Undefined index: face D:\dev\web\app\Mobile\Controller\IndexController.class.php 第 99 行.
NOTIC: [8] Undefined index: face D:\dev\web\app\Mobile\Controller\IndexController.class.php 第 99 行.
NOTIC: [8] Undefined index: face D:\dev\web\app\Mobile\Controller\IndexController.class.php 第 99 行.
NOTIC: [8] Undefined index: face D:\dev\web\app\Mobile\Controller\IndexController.class.php 第 99 行.
NOTIC: [8] Undefined index: face D:\dev\web\app\Mobile\Controller\IndexController.class.php 第 99 行.
NOTIC: [8] Undefined index: face D:\dev\web\app\Mobile\Controller\IndexController.class.php 第 99 行.
NOTIC: [8] Undefined index: face D:\dev\web\app\Mobile\Controller\IndexController.class.php 第 99 行.
NOTIC: [8] Undefined index: face D:\dev\web\app\Mobile\Controller\IndexController.class.php 第 99 行.
NOTIC: [8] Undefined index: face D:\dev\web\app\Mobile\Controller\IndexController.class.php 第 99 行.
NOTIC: [8] Undefined index: face D:\dev\web\app\Mobile\Controller\IndexController.class.php 第 99 行.
NOTIC: [8] Undefined index: face D:\dev\web\app\Mobile\Controller\IndexController.class.php 第 99 行.
NOTIC: [8] Undefined index: face D:\dev\web\app\Mobile\Controller\IndexController.class.php 第 99 行.
NOTIC: [8] Undefined index: face D:\dev\web\app\Mobile\Controller\IndexController.class.php 第 99 行.
NOTIC: [8] Undefined index: face D:\dev\web\app\Mobile\Controller\IndexController.class.php 第 99 行.
NOTIC: [8] Undefined index: face D:\dev\web\app\Mobile\Controller\IndexController.class.php 第 99 行.
NOTIC: [8] Undefined index: face D:\dev\web\app\Mobile\Controller\IndexController.class.php 第 99 行.
NOTIC: [8] Undefined index: face D:\dev\web\app\Mobile\Controller\IndexController.class.php 第 99 行.
NOTIC: [8] Undefined index: face D:\dev\web\app\Mobile\Controller\IndexController.class.php 第 99 行.
NOTIC: [8] Undefined index: face D:\dev\web\app\Mobile\Controller\IndexController.class.php 第 99 行.
INFO: [ view_parse ] --START--
INFO: [ template_filter ] --START--
INFO: Run Behavior\ContentReplaceBehavior [ RunTime:0.000260s ]
INFO: [ template_filter ] --END-- [ RunTime:0.000300s ]
NOTIC: [8] Use of undefined constant title - assumed 'title' D:\dev\web\Runtime\Cache\Mobile\c5d11212ea1bbb6219d4c6c45b19408a.php 第 183 行.
NOTIC: [8] Use of undefined constant name - assumed 'name' D:\dev\web\Runtime\Cache\Mobile\c5d11212ea1bbb6219d4c6c45b19408a.php 第 283 行.
NOTIC: [8] Use of undefined constant name - assumed 'name' D:\dev\web\Runtime\Cache\Mobile\c5d11212ea1bbb6219d4c6c45b19408a.php 第 283 行.
NOTIC: [8] Use of undefined constant name - assumed 'name' D:\dev\web\Runtime\Cache\Mobile\c5d11212ea1bbb6219d4c6c45b19408a.php 第 283 行.
INFO: Run Behavior\ParseTemplateBehavior [ RunTime:0.020384s ]
INFO: [ view_parse ] --END-- [ RunTime:0.020416s ]
INFO: [ view_filter ] --START--
INFO: Run Behavior\WriteHtmlCacheBehavior [ RunTime:0.000237s ]
INFO: [ view_filter ] --END-- [ RunTime:0.000259s ]
INFO: [ app_end ] --START--
INFO: Run Behavior\ShowPageTraceBehavior [ RunTime:0.000351s ]
INFO: [ app_end ] --END-- [ RunTime:0.000378s ]

[ 2023-10-04T20:02:36+08:00 ] 66.249.65.163 /Apijiekou.getLottery
INFO: [ app_init ] --START--
INFO: Run Behavior\BuildLiteBehavior [ RunTime:0.000007s ]
INFO: [ app_init ] --END-- [ RunTime:0.000241s ]
INFO: [ app_begin ] --START--
INFO: Run Behavior\ReadHtmlCacheBehavior [ RunTime:0.000279s ]
INFO: Run Behavior\CheckLangBehavior [ RunTime:0.000171s ]
INFO: [ app_begin ] --END-- [ RunTime:0.000491s ]
NOTIC: [2048] Declaration of Mobile\Controller\ApijiekouController::getLottery() should be compatible with Common\Controller\ApijiekouController::getLottery($apiparam = Array) D:\dev\web\app\Mobile\Controller\ApijiekouController.class.php 第 5 行.
NOTIC: [2048] Declaration of Mobile\Controller\ApijiekouController::getLotterycode() should be compatible with Common\Controller\ApijiekouController::getLotterycode($apiparam = Array) D:\dev\web\app\Mobile\Controller\ApijiekouController.class.php 第 5 行.
NOTIC: [8] Undefined index: userinfo D:\dev\web\Core\Library\Think\Controller.class.php 第 43 行.
NOTIC: [8] Undefined index: userinfo D:\dev\web\Core\Library\Think\Controller.class.php 第 44 行.
INFO: [ app_end ] --START--
INFO: Run Behavior\ShowPageTraceBehavior [ RunTime:0.000272s ]
INFO: [ app_end ] --END-- [ RunTime:0.000297s ]

[ 2023-10-04T20:02:37+08:00 ] 66.249.65.163 /Apijiekou.checkislogin
INFO: [ app_init ] --START--
INFO: Run Behavior\BuildLiteBehavior [ RunTime:0.000007s ]
INFO: [ app_init ] --END-- [ RunTime:0.000193s ]
INFO: [ app_begin ] --START--
INFO: Run Behavior\ReadHtmlCacheBehavior [ RunTime:0.000234s ]
INFO: Run Behavior\CheckLangBehavior [ RunTime:0.000194s ]
INFO: [ app_begin ] --END-- [ RunTime:0.000469s ]
NOTIC: [2048] Declaration of Mobile\Controller\ApijiekouController::getLottery() should be compatible with Common\Controller\ApijiekouController::getLottery($apiparam = Array) D:\dev\web\app\Mobile\Controller\ApijiekouController.class.php 第 5 行.
NOTIC: [2048] Declaration of Mobile\Controller\ApijiekouController::getLotterycode() should be compatible with Common\Controller\ApijiekouController::getLotterycode($apiparam = Array) D:\dev\web\app\Mobile\Controller\ApijiekouController.class.php 第 5 行.
NOTIC: [8] Undefined index: userinfo D:\dev\web\Core\Library\Think\Controller.class.php 第 43 行.
NOTIC: [8] Undefined index: userinfo D:\dev\web\Core\Library\Think\Controller.class.php 第 44 行.
INFO: [ app_end ] --START--
INFO: Run Behavior\ShowPageTraceBehavior [ RunTime:0.000249s ]
INFO: [ app_end ] --END-- [ RunTime:0.000270s ]

[ 2023-10-04T20:03:12+08:00 ] 66.249.65.164 /Template/Mobile/images/icon.jpg
INFO: [ app_init ] --START--
INFO: Run Behavior\BuildLiteBehavior [ RunTime:0.000007s ]
INFO: [ app_init ] --END-- [ RunTime:0.000243s ]

[ 2023-10-04T20:15:15+08:00 ] 222.131.16.10 /
INFO: [ app_init ] --START--
INFO: Run Behavior\BuildLiteBehavior [ RunTime:0.000007s ]
INFO: [ app_init ] --END-- [ RunTime:0.000242s ]
INFO: [ app_begin ] --START--
INFO: Run Behavior\ReadHtmlCacheBehavior [ RunTime:0.000309s ]
INFO: Run Behavior\CheckLangBehavior [ RunTime:0.000194s ]
INFO: [ app_begin ] --END-- [ RunTime:0.000551s ]
NOTIC: [8] Undefined index: userinfo D:\dev\web\app\Mobile\Controller\CommonController.class.php 第 6 行.
NOTIC: [2] Creating default object from empty value D:\dev\web\app\Common\Common\function.php 第 493 行.
NOTIC: [8] Undefined index: userinfo D:\dev\web\Core\Library\Think\Controller.class.php 第 43 行.
NOTIC: [8] Undefined index: userinfo D:\dev\web\Core\Library\Think\Controller.class.php 第 44 行.
NOTIC: [8] Undefined index: face D:\dev\web\app\Mobile\Controller\IndexController.class.php 第 99 行.
NOTIC: [8] Undefined index: face D:\dev\web\app\Mobile\Controller\IndexController.class.php 第 99 行.
NOTIC: [8] Undefined index: face D:\dev\web\app\Mobile\Controller\IndexController.class.php 第 99 行.
NOTIC: [8] Undefined index: face D:\dev\web\app\Mobile\Controller\IndexController.class.php 第 99 行.
NOTIC: [8] Undefined index: face D:\dev\web\app\Mobile\Controller\IndexController.class.php 第 99 行.
NOTIC: [8] Undefined index: face D:\dev\web\app\Mobile\Controller\IndexController.class.php 第 99 行.
NOTIC: [8] Undefined index: face D:\dev\web\app\Mobile\Controller\IndexController.class.php 第 99 行.
NOTIC: [8] Undefined index: face D:\dev\web\app\Mobile\Controller\IndexController.class.php 第 99 行.
NOTIC: [8] Undefined index: face D:\dev\web\app\Mobile\Controller\IndexController.class.php 第 99 行.
NOTIC: [8] Undefined index: face D:\dev\web\app\Mobile\Controller\IndexController.class.php 第 99 行.
NOTIC: [8] Undefined index: face D:\dev\web\app\Mobile\Controller\IndexController.class.php 第 99 行.
NOTIC: [8] Undefined index: face D:\dev\web\app\Mobile\Controller\IndexController.class.php 第 99 行.
NOTIC: [8] Undefined index: face D:\dev\web\app\Mobile\Controller\IndexController.class.php 第 99 行.
NOTIC: [8] Undefined index: face D:\dev\web\app\Mobile\Controller\IndexController.class.php 第 99 行.
NOTIC: [8] Undefined index: face D:\dev\web\app\Mobile\Controller\IndexController.class.php 第 99 行.
NOTIC: [8] Undefined index: face D:\dev\web\app\Mobile\Controller\IndexController.class.php 第 99 行.
NOTIC: [8] Undefined index: face D:\dev\web\app\Mobile\Controller\IndexController.class.php 第 99 行.
NOTIC: [8] Undefined index: face D:\dev\web\app\Mobile\Controller\IndexController.class.php 第 99 行.
NOTIC: [8] Undefined index: face D:\dev\web\app\Mobile\Controller\IndexController.class.php 第 99 行.
NOTIC: [8] Undefined index: face D:\dev\web\app\Mobile\Controller\IndexController.class.php 第 99 行.
NOTIC: [8] Undefined index: face D:\dev\web\app\Mobile\Controller\IndexController.class.php 第 99 行.
NOTIC: [8] Undefined index: face D:\dev\web\app\Mobile\Controller\IndexController.class.php 第 99 行.
NOTIC: [8] Undefined index: face D:\dev\web\app\Mobile\Controller\IndexController.class.php 第 99 行.
NOTIC: [8] Undefined index: face D:\dev\web\app\Mobile\Controller\IndexController.class.php 第 99 行.
NOTIC: [8] Undefined index: face D:\dev\web\app\Mobile\Controller\IndexController.class.php 第 99 行.
NOTIC: [8] Undefined index: face D:\dev\web\app\Mobile\Controller\IndexController.class.php 第 99 行.
NOTIC: [8] Undefined index: face D:\dev\web\app\Mobile\Controller\IndexController.class.php 第 99 行.
NOTIC: [8] Undefined index: face D:\dev\web\app\Mobile\Controller\IndexController.class.php 第 99 行.
NOTIC: [8] Undefined index: face D:\dev\web\app\Mobile\Controller\IndexController.class.php 第 99 行.
NOTIC: [8] Undefined index: face D:\dev\web\app\Mobile\Controller\IndexController.class.php 第 99 行.
INFO: [ view_parse ] --START--
INFO: [ template_filter ] --START--
INFO: Run Behavior\ContentReplaceBehavior [ RunTime:0.000257s ]
INFO: [ template_filter ] --END-- [ RunTime:0.000297s ]
NOTIC: [8] Use of undefined constant title - assumed 'title' D:\dev\web\Runtime\Cache\Mobile\c5d11212ea1bbb6219d4c6c45b19408a.php 第 183 行.
NOTIC: [8] Use of undefined constant name - assumed 'name' D:\dev\web\Runtime\Cache\Mobile\c5d11212ea1bbb6219d4c6c45b19408a.php 第 283 行.
NOTIC: [8] Use of undefined constant name - assumed 'name' D:\dev\web\Runtime\Cache\Mobile\c5d11212ea1bbb6219d4c6c45b19408a.php 第 283 行.
NOTIC: [8] Use of undefined constant name - assumed 'name' D:\dev\web\Runtime\Cache\Mobile\c5d11212ea1bbb6219d4c6c45b19408a.php 第 283 行.
INFO: Run Behavior\ParseTemplateBehavior [ RunTime:0.020282s ]
INFO: [ view_parse ] --END-- [ RunTime:0.020321s ]
INFO: [ view_filter ] --START--
INFO: Run Behavior\WriteHtmlCacheBehavior [ RunTime:0.000216s ]
INFO: [ view_filter ] --END-- [ RunTime:0.000238s ]
INFO: [ app_end ] --START--
INFO: Run Behavior\ShowPageTraceBehavior [ RunTime:0.000333s ]
INFO: [ app_end ] --END-- [ RunTime:0.000357s ]

[ 2023-10-04T20:24:49+08:00 ] 66.249.65.164 /
INFO: [ app_init ] --START--
INFO: Run Behavior\BuildLiteBehavior [ RunTime:0.000009s ]
INFO: [ app_init ] --END-- [ RunTime:0.000244s ]
INFO: [ app_begin ] --START--
INFO: Run Behavior\ReadHtmlCacheBehavior [ RunTime:0.000280s ]
INFO: Run Behavior\CheckLangBehavior [ RunTime:0.000185s ]
INFO: [ app_begin ] --END-- [ RunTime:0.000517s ]
NOTIC: [8] Undefined index: userinfo D:\dev\web\app\Mobile\Controller\CommonController.class.php 第 6 行.
NOTIC: [2] Creating default object from empty value D:\dev\web\app\Common\Common\function.php 第 493 行.
NOTIC: [8] Undefined index: userinfo D:\dev\web\Core\Library\Think\Controller.class.php 第 43 行.
NOTIC: [8] Undefined index: userinfo D:\dev\web\Core\Library\Think\Controller.class.php 第 44 行.
NOTIC: [8] Undefined index: face D:\dev\web\app\Mobile\Controller\IndexController.class.php 第 99 行.
NOTIC: [8] Undefined index: face D:\dev\web\app\Mobile\Controller\IndexController.class.php 第 99 行.
NOTIC: [8] Undefined index: face D:\dev\web\app\Mobile\Controller\IndexController.class.php 第 99 行.
NOTIC: [8] Undefined index: face D:\dev\web\app\Mobile\Controller\IndexController.class.php 第 99 行.
NOTIC: [8] Undefined index: face D:\dev\web\app\Mobile\Controller\IndexController.class.php 第 99 行.
NOTIC: [8] Undefined index: face D:\dev\web\app\Mobile\Controller\IndexController.class.php 第 99 行.
NOTIC: [8] Undefined index: face D:\dev\web\app\Mobile\Controller\IndexController.class.php 第 99 行.
NOTIC: [8] Undefined index: face D:\dev\web\app\Mobile\Controller\IndexController.class.php 第 99 行.
NOTIC: [8] Undefined index: face D:\dev\web\app\Mobile\Controller\IndexController.class.php 第 99 行.
NOTIC: [8] Undefined index: face D:\dev\web\app\Mobile\Controller\IndexController.class.php 第 99 行.
NOTIC: [8] Undefined index: face D:\dev\web\app\Mobile\Controller\IndexController.class.php 第 99 行.
NOTIC: [8] Undefined index: face D:\dev\web\app\Mobile\Controller\IndexController.class.php 第 99 行.
NOTIC: [8] Undefined index: face D:\dev\web\app\Mobile\Controller\IndexController.class.php 第 99 行.
NOTIC: [8] Undefined index: face D:\dev\web\app\Mobile\Controller\IndexController.class.php 第 99 行.
NOTIC: [8] Undefined index: face D:\dev\web\app\Mobile\Controller\IndexController.class.php 第 99 行.
NOTIC: [8] Undefined index: face D:\dev\web\app\Mobile\Controller\IndexController.class.php 第 99 行.
NOTIC: [8] Undefined index: face D:\dev\web\app\Mobile\Controller\IndexController.class.php 第 99 行.
NOTIC: [8] Undefined index: face D:\dev\web\app\Mobile\Controller\IndexController.class.php 第 99 行.
NOTIC: [8] Undefined index: face D:\dev\web\app\Mobile\Controller\IndexController.class.php 第 99 行.
NOTIC: [8] Undefined index: face D:\dev\web\app\Mobile\Controller\IndexController.class.php 第 99 行.
NOTIC: [8] Undefined index: face D:\dev\web\app\Mobile\Controller\IndexController.class.php 第 99 行.
NOTIC: [8] Undefined index: face D:\dev\web\app\Mobile\Controller\IndexController.class.php 第 99 行.
NOTIC: [8] Undefined index: face D:\dev\web\app\Mobile\Controller\IndexController.class.php 第 99 行.
NOTIC: [8] Undefined index: face D:\dev\web\app\Mobile\Controller\IndexController.class.php 第 99 行.
NOTIC: [8] Undefined index: face D:\dev\web\app\Mobile\Controller\IndexController.class.php 第 99 行.
NOTIC: [8] Undefined index: face D:\dev\web\app\Mobile\Controller\IndexController.class.php 第 99 行.
NOTIC: [8] Undefined index: face D:\dev\web\app\Mobile\Controller\IndexController.class.php 第 99 行.
NOTIC: [8] Undefined index: face D:\dev\web\app\Mobile\Controller\IndexController.class.php 第 99 行.
NOTIC: [8] Undefined index: face D:\dev\web\app\Mobile\Controller\IndexController.class.php 第 99 行.
NOTIC: [8] Undefined index: face D:\dev\web\app\Mobile\Controller\IndexController.class.php 第 99 行.
INFO: [ view_parse ] --START--
INFO: [ template_filter ] --START--
INFO: Run Behavior\ContentReplaceBehavior [ RunTime:0.000243s ]
INFO: [ template_filter ] --END-- [ RunTime:0.000276s ]
NOTIC: [8] Use of undefined constant title - assumed 'title' D:\dev\web\Runtime\Cache\Mobile\c5d11212ea1bbb6219d4c6c45b19408a.php 第 183 行.
NOTIC: [8] Use of undefined constant name - assumed 'name' D:\dev\web\Runtime\Cache\Mobile\c5d11212ea1bbb6219d4c6c45b19408a.php 第 283 行.
NOTIC: [8] Use of undefined constant name - assumed 'name' D:\dev\web\Runtime\Cache\Mobile\c5d11212ea1bbb6219d4c6c45b19408a.php 第 283 行.
NOTIC: [8] Use of undefined constant name - assumed 'name' D:\dev\web\Runtime\Cache\Mobile\c5d11212ea1bbb6219d4c6c45b19408a.php 第 283 行.
INFO: Run Behavior\ParseTemplateBehavior [ RunTime:0.020983s ]
INFO: [ view_parse ] --END-- [ RunTime:0.021022s ]
INFO: [ view_filter ] --START--
INFO: Run Behavior\WriteHtmlCacheBehavior [ RunTime:0.000194s ]
INFO: [ view_filter ] --END-- [ RunTime:0.000214s ]
INFO: [ app_end ] --START--
INFO: Run Behavior\ShowPageTraceBehavior [ RunTime:0.000317s ]
INFO: [ app_end ] --END-- [ RunTime:0.000341s ]

[ 2023-10-04T20:27:51+08:00 ] 14.162.107.110 /
INFO: [ app_init ] --START--
INFO: Run Behavior\BuildLiteBehavior [ RunTime:0.000009s ]
INFO: [ app_init ] --END-- [ RunTime:0.000244s ]
INFO: [ app_begin ] --START--
INFO: Run Behavior\ReadHtmlCacheBehavior [ RunTime:0.000276s ]
INFO: Run Behavior\CheckLangBehavior [ RunTime:0.000176s ]
INFO: [ app_begin ] --END-- [ RunTime:0.000498s ]
NOTIC: [8] Undefined index: userinfo D:\dev\web\app\Mobile\Controller\CommonController.class.php 第 6 行.
NOTIC: [2] Creating default object from empty value D:\dev\web\app\Common\Common\function.php 第 493 行.
NOTIC: [8] Undefined index: userinfo D:\dev\web\Core\Library\Think\Controller.class.php 第 43 行.
NOTIC: [8] Undefined index: userinfo D:\dev\web\Core\Library\Think\Controller.class.php 第 44 行.
NOTIC: [8] Undefined index: face D:\dev\web\app\Mobile\Controller\IndexController.class.php 第 99 行.
NOTIC: [8] Undefined index: face D:\dev\web\app\Mobile\Controller\IndexController.class.php 第 99 行.
NOTIC: [8] Undefined index: face D:\dev\web\app\Mobile\Controller\IndexController.class.php 第 99 行.
NOTIC: [8] Undefined index: face D:\dev\web\app\Mobile\Controller\IndexController.class.php 第 99 行.
NOTIC: [8] Undefined index: face D:\dev\web\app\Mobile\Controller\IndexController.class.php 第 99 行.
NOTIC: [8] Undefined index: face D:\dev\web\app\Mobile\Controller\IndexController.class.php 第 99 行.
NOTIC: [8] Undefined index: face D:\dev\web\app\Mobile\Controller\IndexController.class.php 第 99 行.
NOTIC: [8] Undefined index: face D:\dev\web\app\Mobile\Controller\IndexController.class.php 第 99 行.
NOTIC: [8] Undefined index: face D:\dev\web\app\Mobile\Controller\IndexController.class.php 第 99 行.
NOTIC: [8] Undefined index: face D:\dev\web\app\Mobile\Controller\IndexController.class.php 第 99 行.
NOTIC: [8] Undefined index: face D:\dev\web\app\Mobile\Controller\IndexController.class.php 第 99 行.
NOTIC: [8] Undefined index: face D:\dev\web\app\Mobile\Controller\IndexController.class.php 第 99 行.
NOTIC: [8] Undefined index: face D:\dev\web\app\Mobile\Controller\IndexController.class.php 第 99 行.
NOTIC: [8] Undefined index: face D:\dev\web\app\Mobile\Controller\IndexController.class.php 第 99 行.
NOTIC: [8] Undefined index: face D:\dev\web\app\Mobile\Controller\IndexController.class.php 第 99 行.
NOTIC: [8] Undefined index: face D:\dev\web\app\Mobile\Controller\IndexController.class.php 第 99 行.
NOTIC: [8] Undefined index: face D:\dev\web\app\Mobile\Controller\IndexController.class.php 第 99 行.
NOTIC: [8] Undefined index: face D:\dev\web\app\Mobile\Controller\IndexController.class.php 第 99 行.
NOTIC: [8] Undefined index: face D:\dev\web\app\Mobile\Controller\IndexController.class.php 第 99 行.
NOTIC: [8] Undefined index: face D:\dev\web\app\Mobile\Controller\IndexController.class.php 第 99 行.
NOTIC: [8] Undefined index: face D:\dev\web\app\Mobile\Controller\IndexController.class.php 第 99 行.
NOTIC: [8] Undefined index: face D:\dev\web\app\Mobile\Controller\IndexController.class.php 第 99 行.
NOTIC: [8] Undefined index: face D:\dev\web\app\Mobile\Controller\IndexController.class.php 第 99 行.
NOTIC: [8] Undefined index: face D:\dev\web\app\Mobile\Controller\IndexController.class.php 第 99 行.
NOTIC: [8] Undefined index: face D:\dev\web\app\Mobile\Controller\IndexController.class.php 第 99 行.
NOTIC: [8] Undefined index: face D:\dev\web\app\Mobile\Controller\IndexController.class.php 第 99 行.
NOTIC: [8] Undefined index: face D:\dev\web\app\Mobile\Controller\IndexController.class.php 第 99 行.
NOTIC: [8] Undefined index: face D:\dev\web\app\Mobile\Controller\IndexController.class.php 第 99 行.
NOTIC: [8] Undefined index: face D:\dev\web\app\Mobile\Controller\IndexController.class.php 第 99 行.
NOTIC: [8] Undefined index: face D:\dev\web\app\Mobile\Controller\IndexController.class.php 第 99 行.
INFO: [ view_parse ] --START--
INFO: [ template_filter ] --START--
INFO: Run Behavior\ContentReplaceBehavior [ RunTime:0.000255s ]
INFO: [ template_filter ] --END-- [ RunTime:0.000293s ]
NOTIC: [8] Use of undefined constant title - assumed 'title' D:\dev\web\Runtime\Cache\Mobile\c5d11212ea1bbb6219d4c6c45b19408a.php 第 183 行.
NOTIC: [8] Use of undefined constant name - assumed 'name' D:\dev\web\Runtime\Cache\Mobile\c5d11212ea1bbb6219d4c6c45b19408a.php 第 283 行.
NOTIC: [8] Use of undefined constant name - assumed 'name' D:\dev\web\Runtime\Cache\Mobile\c5d11212ea1bbb6219d4c6c45b19408a.php 第 283 行.
NOTIC: [8] Use of undefined constant name - assumed 'name' D:\dev\web\Runtime\Cache\Mobile\c5d11212ea1bbb6219d4c6c45b19408a.php 第 283 行.
INFO: Run Behavior\ParseTemplateBehavior [ RunTime:0.020798s ]
INFO: [ view_parse ] --END-- [ RunTime:0.020842s ]
INFO: [ view_filter ] --START--
INFO: Run Behavior\WriteHtmlCacheBehavior [ RunTime:0.000233s ]
INFO: [ view_filter ] --END-- [ RunTime:0.000257s ]
INFO: [ app_end ] --START--
INFO: Run Behavior\ShowPageTraceBehavior [ RunTime:0.000542s ]
INFO: [ app_end ] --END-- [ RunTime:0.000606s ]

[ 2023-10-04T20:27:52+08:00 ] 14.162.107.110 /Apijiekou.getLottery
INFO: [ app_init ] --START--
INFO: Run Behavior\BuildLiteBehavior [ RunTime:0.000008s ]
INFO: [ app_init ] --END-- [ RunTime:0.000200s ]
INFO: [ app_begin ] --START--
INFO: Run Behavior\ReadHtmlCacheBehavior [ RunTime:0.000247s ]
INFO: Run Behavior\CheckLangBehavior [ RunTime:0.000174s ]
INFO: [ app_begin ] --END-- [ RunTime:0.000463s ]
NOTIC: [2048] Declaration of Mobile\Controller\ApijiekouController::getLottery() should be compatible with Common\Controller\ApijiekouController::getLottery($apiparam = Array) D:\dev\web\app\Mobile\Controller\ApijiekouController.class.php 第 5 行.
NOTIC: [2048] Declaration of Mobile\Controller\ApijiekouController::getLotterycode() should be compatible with Common\Controller\ApijiekouController::getLotterycode($apiparam = Array) D:\dev\web\app\Mobile\Controller\ApijiekouController.class.php 第 5 行.
NOTIC: [8] Undefined index: userinfo D:\dev\web\Core\Library\Think\Controller.class.php 第 43 行.
NOTIC: [8] Undefined index: userinfo D:\dev\web\Core\Library\Think\Controller.class.php 第 44 行.
INFO: [ app_end ] --START--
INFO: Run Behavior\ShowPageTraceBehavior [ RunTime:0.000230s ]
INFO: [ app_end ] --END-- [ RunTime:0.000254s ]

[ 2023-10-04T20:27:52+08:00 ] 14.162.107.110 /Apijiekou.checkislogin
INFO: [ app_init ] --START--
INFO: Run Behavior\BuildLiteBehavior [ RunTime:0.000007s ]
INFO: [ app_init ] --END-- [ RunTime:0.000193s ]
INFO: [ app_begin ] --START--
INFO: Run Behavior\ReadHtmlCacheBehavior [ RunTime:0.000234s ]
INFO: Run Behavior\CheckLangBehavior [ RunTime:0.000147s ]
INFO: [ app_begin ] --END-- [ RunTime:0.000421s ]
NOTIC: [2048] Declaration of Mobile\Controller\ApijiekouController::getLottery() should be compatible with Common\Controller\ApijiekouController::getLottery($apiparam = Array) D:\dev\web\app\Mobile\Controller\ApijiekouController.class.php 第 5 行.
NOTIC: [2048] Declaration of Mobile\Controller\ApijiekouController::getLotterycode() should be compatible with Common\Controller\ApijiekouController::getLotterycode($apiparam = Array) D:\dev\web\app\Mobile\Controller\ApijiekouController.class.php 第 5 行.
NOTIC: [8] Undefined index: userinfo D:\dev\web\Core\Library\Think\Controller.class.php 第 43 行.
NOTIC: [8] Undefined index: userinfo D:\dev\web\Core\Library\Think\Controller.class.php 第 44 行.
INFO: [ app_end ] --START--
INFO: Run Behavior\ShowPageTraceBehavior [ RunTime:0.000224s ]
INFO: [ app_end ] --END-- [ RunTime:0.000246s ]

[ 2023-10-04T20:27:56+08:00 ] 14.162.107.110 /Game.k3.code.f1k3.do
INFO: [ app_init ] --START--
INFO: Run Behavior\BuildLiteBehavior [ RunTime:0.000008s ]
INFO: [ app_init ] --END-- [ RunTime:0.000207s ]
INFO: [ app_begin ] --START--
INFO: Run Behavior\ReadHtmlCacheBehavior [ RunTime:0.000284s ]
INFO: Run Behavior\CheckLangBehavior [ RunTime:0.000158s ]
INFO: [ app_begin ] --END-- [ RunTime:0.000502s ]
NOTIC: [8] Undefined index: userinfo D:\dev\web\app\Mobile\Controller\CommonController.class.php 第 6 行.
NOTIC: [2] Creating default object from empty value D:\dev\web\app\Common\Common\function.php 第 493 行.
NOTIC: [8] Undefined index: userinfo D:\dev\web\Core\Library\Think\Controller.class.php 第 43 行.
NOTIC: [8] Undefined index: userinfo D:\dev\web\Core\Library\Think\Controller.class.php 第 44 行.

[ 2023-10-04T20:27:56+08:00 ] 14.162.107.110 /Public.login.do
INFO: [ app_init ] --START--
INFO: Run Behavior\BuildLiteBehavior [ RunTime:0.000008s ]
INFO: [ app_init ] --END-- [ RunTime:0.000220s ]
INFO: [ app_begin ] --START--
INFO: Run Behavior\ReadHtmlCacheBehavior [ RunTime:0.000319s ]
INFO: Run Behavior\CheckLangBehavior [ RunTime:0.000157s ]
INFO: [ app_begin ] --END-- [ RunTime:0.000515s ]
NOTIC: [8] Undefined index: userinfo D:\dev\web\app\Mobile\Controller\CommonController.class.php 第 6 行.
NOTIC: [2] Creating default object from empty value D:\dev\web\app\Common\Common\function.php 第 493 行.
NOTIC: [8] Undefined index: userinfo D:\dev\web\Core\Library\Think\Controller.class.php 第 43 行.
NOTIC: [8] Undefined index: userinfo D:\dev\web\Core\Library\Think\Controller.class.php 第 44 行.
NOTIC: [8] Undefined index: userinfo D:\dev\web\app\Mobile\Controller\PublicController.class.php 第 16 行.
INFO: [ view_parse ] --START--
INFO: [ template_filter ] --START--
INFO: Run Behavior\ContentReplaceBehavior [ RunTime:0.000099s ]
INFO: [ template_filter ] --END-- [ RunTime:0.000120s ]
INFO: Run Behavior\ParseTemplateBehavior [ RunTime:0.010346s ]
INFO: [ view_parse ] --END-- [ RunTime:0.010375s ]
INFO: [ view_filter ] --START--
INFO: Run Behavior\WriteHtmlCacheBehavior [ RunTime:0.000184s ]
INFO: [ view_filter ] --END-- [ RunTime:0.000203s ]
INFO: [ app_end ] --START--
INFO: Run Behavior\ShowPageTraceBehavior [ RunTime:0.000263s ]
INFO: [ app_end ] --END-- [ RunTime:0.000283s ]

[ 2023-10-04T20:27:56+08:00 ] 14.162.107.110 /Game.k3.code.f1k3.do
INFO: [ app_init ] --START--
INFO: Run Behavior\BuildLiteBehavior [ RunTime:0.000007s ]
INFO: [ app_init ] --END-- [ RunTime:0.000344s ]
INFO: [ app_begin ] --START--
INFO: Run Behavior\ReadHtmlCacheBehavior [ RunTime:0.000236s ]
INFO: Run Behavior\CheckLangBehavior [ RunTime:0.000150s ]
INFO: [ app_begin ] --END-- [ RunTime:0.000431s ]
NOTIC: [8] Undefined index: userinfo D:\dev\web\app\Mobile\Controller\CommonController.class.php 第 6 行.
NOTIC: [2] Creating default object from empty value D:\dev\web\app\Common\Common\function.php 第 493 行.
NOTIC: [8] Undefined index: userinfo D:\dev\web\Core\Library\Think\Controller.class.php 第 43 行.
NOTIC: [8] Undefined index: userinfo D:\dev\web\Core\Library\Think\Controller.class.php 第 44 行.

[ 2023-10-04T20:27:56+08:00 ] 14.162.107.110 /Public.login.do
INFO: [ app_init ] --START--
INFO: Run Behavior\BuildLiteBehavior [ RunTime:0.000008s ]
INFO: [ app_init ] --END-- [ RunTime:0.000216s ]
INFO: [ app_begin ] --START--
INFO: Run Behavior\ReadHtmlCacheBehavior [ RunTime:0.000245s ]
INFO: Run Behavior\CheckLangBehavior [ RunTime:0.000152s ]
INFO: [ app_begin ] --END-- [ RunTime:0.000440s ]
NOTIC: [8] Undefined index: userinfo D:\dev\web\app\Mobile\Controller\CommonController.class.php 第 6 行.
NOTIC: [2] Creating default object from empty value D:\dev\web\app\Common\Common\function.php 第 493 行.
NOTIC: [8] Undefined index: userinfo D:\dev\web\Core\Library\Think\Controller.class.php 第 43 行.
NOTIC: [8] Undefined index: userinfo D:\dev\web\Core\Library\Think\Controller.class.php 第 44 行.
NOTIC: [8] Undefined index: userinfo D:\dev\web\app\Mobile\Controller\PublicController.class.php 第 16 行.
INFO: [ view_parse ] --START--
INFO: [ template_filter ] --START--
INFO: Run Behavior\ContentReplaceBehavior [ RunTime:0.000099s ]
INFO: [ template_filter ] --END-- [ RunTime:0.000122s ]
INFO: Run Behavior\ParseTemplateBehavior [ RunTime:0.009177s ]
INFO: [ view_parse ] --END-- [ RunTime:0.009204s ]
INFO: [ view_filter ] --START--
INFO: Run Behavior\WriteHtmlCacheBehavior [ RunTime:0.000129s ]
INFO: [ view_filter ] --END-- [ RunTime:0.000158s ]
INFO: [ app_end ] --START--
INFO: Run Behavior\ShowPageTraceBehavior [ RunTime:0.000258s ]
INFO: [ app_end ] --END-- [ RunTime:0.000281s ]

[ 2023-10-04T20:27:57+08:00 ] 14.162.107.110 /Apijiekou.getLottery
INFO: [ app_init ] --START--
INFO: Run Behavior\BuildLiteBehavior [ RunTime:0.000007s ]
INFO: [ app_init ] --END-- [ RunTime:0.000216s ]
INFO: [ app_begin ] --START--
INFO: Run Behavior\ReadHtmlCacheBehavior [ RunTime:0.000231s ]
INFO: Run Behavior\CheckLangBehavior [ RunTime:0.000148s ]
INFO: [ app_begin ] --END-- [ RunTime:0.000417s ]
NOTIC: [2048] Declaration of Mobile\Controller\ApijiekouController::getLottery() should be compatible with Common\Controller\ApijiekouController::getLottery($apiparam = Array) D:\dev\web\app\Mobile\Controller\ApijiekouController.class.php 第 5 行.
NOTIC: [2048] Declaration of Mobile\Controller\ApijiekouController::getLotterycode() should be compatible with Common\Controller\ApijiekouController::getLotterycode($apiparam = Array) D:\dev\web\app\Mobile\Controller\ApijiekouController.class.php 第 5 行.
NOTIC: [8] Undefined index: userinfo D:\dev\web\Core\Library\Think\Controller.class.php 第 43 行.
NOTIC: [8] Undefined index: userinfo D:\dev\web\Core\Library\Think\Controller.class.php 第 44 行.
INFO: [ app_end ] --START--
INFO: Run Behavior\ShowPageTraceBehavior [ RunTime:0.000245s ]
INFO: [ app_end ] --END-- [ RunTime:0.000268s ]

[ 2023-10-04T20:27:57+08:00 ] 14.162.107.110 /Apijiekou.checkislogin
INFO: [ app_init ] --START--
INFO: Run Behavior\BuildLiteBehavior [ RunTime:0.000006s ]
INFO: [ app_init ] --END-- [ RunTime:0.000187s ]
INFO: [ app_begin ] --START--
INFO: Run Behavior\ReadHtmlCacheBehavior [ RunTime:0.000258s ]
INFO: Run Behavior\CheckLangBehavior [ RunTime:0.000160s ]
INFO: [ app_begin ] --END-- [ RunTime:0.000460s ]
NOTIC: [2048] Declaration of Mobile\Controller\ApijiekouController::getLottery() should be compatible with Common\Controller\ApijiekouController::getLottery($apiparam = Array) D:\dev\web\app\Mobile\Controller\ApijiekouController.class.php 第 5 行.
NOTIC: [2048] Declaration of Mobile\Controller\ApijiekouController::getLotterycode() should be compatible with Common\Controller\ApijiekouController::getLotterycode($apiparam = Array) D:\dev\web\app\Mobile\Controller\ApijiekouController.class.php 第 5 行.
NOTIC: [8] Undefined index: userinfo D:\dev\web\Core\Library\Think\Controller.class.php 第 43 行.
NOTIC: [8] Undefined index: userinfo D:\dev\web\Core\Library\Think\Controller.class.php 第 44 行.
INFO: [ app_end ] --START--
INFO: Run Behavior\ShowPageTraceBehavior [ RunTime:0.000242s ]
INFO: [ app_end ] --END-- [ RunTime:0.000263s ]

[ 2023-10-04T20:28:13+08:00 ] 14.162.107.110 /Public.LoginDo.do
INFO: [ app_init ] --START--
INFO: Run Behavior\BuildLiteBehavior [ RunTime:0.000007s ]
INFO: [ app_init ] --END-- [ RunTime:0.000190s ]
INFO: [ app_begin ] --START--
INFO: Run Behavior\ReadHtmlCacheBehavior [ RunTime:0.000253s ]
INFO: Run Behavior\CheckLangBehavior [ RunTime:0.000151s ]
INFO: [ app_begin ] --END-- [ RunTime:0.000449s ]
NOTIC: [8] Undefined index: userinfo D:\dev\web\app\Mobile\Controller\CommonController.class.php 第 6 行.
NOTIC: [2] Creating default object from empty value D:\dev\web\app\Common\Common\function.php 第 493 行.
NOTIC: [8] Undefined index: userinfo D:\dev\web\Core\Library\Think\Controller.class.php 第 43 行.
NOTIC: [8] Undefined index: userinfo D:\dev\web\Core\Library\Think\Controller.class.php 第 44 行.
NOTIC: [8] Undefined index: nocode D:\dev\web\app\Mobile\Controller\PublicController.class.php 第 389 行.
NOTIC: [8] Undefined index: userinfo D:\dev\web\Core\Library\Think\Controller.class.php 第 43 行.
NOTIC: [8] Undefined index: userinfo D:\dev\web\Core\Library\Think\Controller.class.php 第 44 行.

[ 2023-10-04T20:28:17+08:00 ] 14.162.107.110 /Public.LoginDo.do
INFO: [ app_init ] --START--
INFO: Run Behavior\BuildLiteBehavior [ RunTime:0.000007s ]
INFO: [ app_init ] --END-- [ RunTime:0.000212s ]
INFO: [ app_begin ] --START--
INFO: Run Behavior\ReadHtmlCacheBehavior [ RunTime:0.000279s ]
INFO: Run Behavior\CheckLangBehavior [ RunTime:0.000177s ]
INFO: [ app_begin ] --END-- [ RunTime:0.000499s ]
NOTIC: [8] Undefined index: userinfo D:\dev\web\app\Mobile\Controller\CommonController.class.php 第 6 行.
NOTIC: [2] Creating default object from empty value D:\dev\web\app\Common\Common\function.php 第 493 行.
NOTIC: [8] Undefined index: userinfo D:\dev\web\Core\Library\Think\Controller.class.php 第 43 行.
NOTIC: [8] Undefined index: userinfo D:\dev\web\Core\Library\Think\Controller.class.php 第 44 行.
NOTIC: [8] Undefined index: nocode D:\dev\web\app\Mobile\Controller\PublicController.class.php 第 389 行.
NOTIC: [8] Undefined index: userinfo D:\dev\web\Core\Library\Think\Controller.class.php 第 43 行.
NOTIC: [8] Undefined index: userinfo D:\dev\web\Core\Library\Think\Controller.class.php 第 44 行.

[ 2023-10-04T21:19:24+08:00 ] 222.249.228.245 /
INFO: [ app_init ] --START--
INFO: Run Behavior\BuildLiteBehavior [ RunTime:0.000007s ]
INFO: [ app_init ] --END-- [ RunTime:0.000232s ]
INFO: [ app_begin ] --START--
INFO: Run Behavior\ReadHtmlCacheBehavior [ RunTime:0.000386s ]
INFO: Run Behavior\CheckLangBehavior [ RunTime:0.000222s ]
INFO: [ app_begin ] --END-- [ RunTime:0.000669s ]
NOTIC: [8] Undefined index: userinfo D:\dev\web\app\Mobile\Controller\CommonController.class.php 第 6 行.
NOTIC: [2] Creating default object from empty value D:\dev\web\app\Common\Common\function.php 第 493 行.
NOTIC: [8] Undefined index: userinfo D:\dev\web\Core\Library\Think\Controller.class.php 第 43 行.
NOTIC: [8] Undefined index: userinfo D:\dev\web\Core\Library\Think\Controller.class.php 第 44 行.
NOTIC: [8] Undefined index: face D:\dev\web\app\Mobile\Controller\IndexController.class.php 第 99 行.
NOTIC: [8] Undefined index: face D:\dev\web\app\Mobile\Controller\IndexController.class.php 第 99 行.
NOTIC: [8] Undefined index: face D:\dev\web\app\Mobile\Controller\IndexController.class.php 第 99 行.
NOTIC: [8] Undefined index: face D:\dev\web\app\Mobile\Controller\IndexController.class.php 第 99 行.
NOTIC: [8] Undefined index: face D:\dev\web\app\Mobile\Controller\IndexController.class.php 第 99 行.
NOTIC: [8] Undefined index: face D:\dev\web\app\Mobile\Controller\IndexController.class.php 第 99 行.
NOTIC: [8] Undefined index: face D:\dev\web\app\Mobile\Controller\IndexController.class.php 第 99 行.
NOTIC: [8] Undefined index: face D:\dev\web\app\Mobile\Controller\IndexController.class.php 第 99 行.
NOTIC: [8] Undefined index: face D:\dev\web\app\Mobile\Controller\IndexController.class.php 第 99 行.
NOTIC: [8] Undefined index: face D:\dev\web\app\Mobile\Controller\IndexController.class.php 第 99 行.
NOTIC: [8] Undefined index: face D:\dev\web\app\Mobile\Controller\IndexController.class.php 第 99 行.
NOTIC: [8] Undefined index: face D:\dev\web\app\Mobile\Controller\IndexController.class.php 第 99 行.
NOTIC: [8] Undefined index: face D:\dev\web\app\Mobile\Controller\IndexController.class.php 第 99 行.
NOTIC: [8] Undefined index: face D:\dev\web\app\Mobile\Controller\IndexController.class.php 第 99 行.
NOTIC: [8] Undefined index: face D:\dev\web\app\Mobile\Controller\IndexController.class.php 第 99 行.
NOTIC: [8] Undefined index: face D:\dev\web\app\Mobile\Controller\IndexController.class.php 第 99 行.
NOTIC: [8] Undefined index: face D:\dev\web\app\Mobile\Controller\IndexController.class.php 第 99 行.
NOTIC: [8] Undefined index: face D:\dev\web\app\Mobile\Controller\IndexController.class.php 第 99 行.
NOTIC: [8] Undefined index: face D:\dev\web\app\Mobile\Controller\IndexController.class.php 第 99 行.
NOTIC: [8] Undefined index: face D:\dev\web\app\Mobile\Controller\IndexController.class.php 第 99 行.
NOTIC: [8] Undefined index: face D:\dev\web\app\Mobile\Controller\IndexController.class.php 第 99 行.
NOTIC: [8] Undefined index: face D:\dev\web\app\Mobile\Controller\IndexController.class.php 第 99 行.
NOTIC: [8] Undefined index: face D:\dev\web\app\Mobile\Controller\IndexController.class.php 第 99 行.
NOTIC: [8] Undefined index: face D:\dev\web\app\Mobile\Controller\IndexController.class.php 第 99 行.
NOTIC: [8] Undefined index: face D:\dev\web\app\Mobile\Controller\IndexController.class.php 第 99 行.
NOTIC: [8] Undefined index: face D:\dev\web\app\Mobile\Controller\IndexController.class.php 第 99 行.
NOTIC: [8] Undefined index: face D:\dev\web\app\Mobile\Controller\IndexController.class.php 第 99 行.
NOTIC: [8] Undefined index: face D:\dev\web\app\Mobile\Controller\IndexController.class.php 第 99 行.
NOTIC: [8] Undefined index: face D:\dev\web\app\Mobile\Controller\IndexController.class.php 第 99 行.
NOTIC: [8] Undefined index: face D:\dev\web\app\Mobile\Controller\IndexController.class.php 第 99 行.
INFO: [ view_parse ] --START--
INFO: [ template_filter ] --START--
INFO: Run Behavior\ContentReplaceBehavior [ RunTime:0.000334s ]
INFO: [ template_filter ] --END-- [ RunTime:0.000394s ]
NOTIC: [8] Use of undefined constant title - assumed 'title' D:\dev\web\Runtime\Cache\Mobile\c5d11212ea1bbb6219d4c6c45b19408a.php 第 183 行.
NOTIC: [8] Use of undefined constant name - assumed 'name' D:\dev\web\Runtime\Cache\Mobile\c5d11212ea1bbb6219d4c6c45b19408a.php 第 283 行.
NOTIC: [8] Use of undefined constant name - assumed 'name' D:\dev\web\Runtime\Cache\Mobile\c5d11212ea1bbb6219d4c6c45b19408a.php 第 283 行.
NOTIC: [8] Use of undefined constant name - assumed 'name' D:\dev\web\Runtime\Cache\Mobile\c5d11212ea1bbb6219d4c6c45b19408a.php 第 283 行.
INFO: Run Behavior\ParseTemplateBehavior [ RunTime:0.022182s ]
INFO: [ view_parse ] --END-- [ RunTime:0.022218s ]
INFO: [ view_filter ] --START--
INFO: Run Behavior\WriteHtmlCacheBehavior [ RunTime:0.000204s ]
INFO: [ view_filter ] --END-- [ RunTime:0.000225s ]
INFO: [ app_end ] --START--
INFO: Run Behavior\ShowPageTraceBehavior [ RunTime:0.000402s ]
INFO: [ app_end ] --END-- [ RunTime:0.000437s ]

[ 2023-10-04T21:19:27+08:00 ] 222.249.228.245 /Public.login.do
INFO: [ app_init ] --START--
INFO: Run Behavior\BuildLiteBehavior [ RunTime:0.000007s ]
INFO: [ app_init ] --END-- [ RunTime:0.000215s ]
INFO: [ app_begin ] --START--
INFO: Run Behavior\ReadHtmlCacheBehavior [ RunTime:0.000267s ]
INFO: Run Behavior\CheckLangBehavior [ RunTime:0.000197s ]
INFO: [ app_begin ] --END-- [ RunTime:0.000516s ]
NOTIC: [8] Undefined index: userinfo D:\dev\web\app\Mobile\Controller\CommonController.class.php 第 6 行.
NOTIC: [2] Creating default object from empty value D:\dev\web\app\Common\Common\function.php 第 493 行.
NOTIC: [8] Undefined index: userinfo D:\dev\web\Core\Library\Think\Controller.class.php 第 43 行.
NOTIC: [8] Undefined index: userinfo D:\dev\web\Core\Library\Think\Controller.class.php 第 44 行.
NOTIC: [8] Undefined index: userinfo D:\dev\web\app\Mobile\Controller\PublicController.class.php 第 16 行.
INFO: [ view_parse ] --START--
INFO: [ template_filter ] --START--
INFO: Run Behavior\ContentReplaceBehavior [ RunTime:0.000118s ]
INFO: [ template_filter ] --END-- [ RunTime:0.000158s ]
INFO: Run Behavior\ParseTemplateBehavior [ RunTime:0.011087s ]
INFO: [ view_parse ] --END-- [ RunTime:0.011120s ]
INFO: [ view_filter ] --START--
INFO: Run Behavior\WriteHtmlCacheBehavior [ RunTime:0.000148s ]
INFO: [ view_filter ] --END-- [ RunTime:0.000168s ]
INFO: [ app_end ] --START--
INFO: Run Behavior\ShowPageTraceBehavior [ RunTime:0.000278s ]
INFO: [ app_end ] --END-- [ RunTime:0.000301s ]

[ 2023-10-04T22:51:31+08:00 ] 66.249.65.165 /
INFO: [ app_init ] --START--
INFO: Run Behavior\BuildLiteBehavior [ RunTime:0.000010s ]
INFO: [ app_init ] --END-- [ RunTime:0.000271s ]
INFO: [ app_begin ] --START--
INFO: Run Behavior\ReadHtmlCacheBehavior [ RunTime:0.000409s ]
INFO: Run Behavior\CheckLangBehavior [ RunTime:0.000256s ]
INFO: [ app_begin ] --END-- [ RunTime:0.000737s ]
NOTIC: [8] Undefined index: userinfo D:\dev\web\app\Mobile\Controller\CommonController.class.php 第 6 行.
NOTIC: [2] Creating default object from empty value D:\dev\web\app\Common\Common\function.php 第 493 行.
NOTIC: [8] Undefined index: userinfo D:\dev\web\Core\Library\Think\Controller.class.php 第 43 行.
NOTIC: [8] Undefined index: userinfo D:\dev\web\Core\Library\Think\Controller.class.php 第 44 行.
NOTIC: [8] Undefined index: face D:\dev\web\app\Mobile\Controller\IndexController.class.php 第 99 行.
NOTIC: [8] Undefined index: face D:\dev\web\app\Mobile\Controller\IndexController.class.php 第 99 行.
NOTIC: [8] Undefined index: face D:\dev\web\app\Mobile\Controller\IndexController.class.php 第 99 行.
NOTIC: [8] Undefined index: face D:\dev\web\app\Mobile\Controller\IndexController.class.php 第 99 行.
NOTIC: [8] Undefined index: face D:\dev\web\app\Mobile\Controller\IndexController.class.php 第 99 行.
NOTIC: [8] Undefined index: face D:\dev\web\app\Mobile\Controller\IndexController.class.php 第 99 行.
NOTIC: [8] Undefined index: face D:\dev\web\app\Mobile\Controller\IndexController.class.php 第 99 行.
NOTIC: [8] Undefined index: face D:\dev\web\app\Mobile\Controller\IndexController.class.php 第 99 行.
NOTIC: [8] Undefined index: face D:\dev\web\app\Mobile\Controller\IndexController.class.php 第 99 行.
NOTIC: [8] Undefined index: face D:\dev\web\app\Mobile\Controller\IndexController.class.php 第 99 行.
NOTIC: [8] Undefined index: face D:\dev\web\app\Mobile\Controller\IndexController.class.php 第 99 行.
NOTIC: [8] Undefined index: face D:\dev\web\app\Mobile\Controller\IndexController.class.php 第 99 行.
NOTIC: [8] Undefined index: face D:\dev\web\app\Mobile\Controller\IndexController.class.php 第 99 行.
NOTIC: [8] Undefined index: face D:\dev\web\app\Mobile\Controller\IndexController.class.php 第 99 行.
NOTIC: [8] Undefined index: face D:\dev\web\app\Mobile\Controller\IndexController.class.php 第 99 行.
NOTIC: [8] Undefined index: face D:\dev\web\app\Mobile\Controller\IndexController.class.php 第 99 行.
NOTIC: [8] Undefined index: face D:\dev\web\app\Mobile\Controller\IndexController.class.php 第 99 行.
NOTIC: [8] Undefined index: face D:\dev\web\app\Mobile\Controller\IndexController.class.php 第 99 行.
NOTIC: [8] Undefined index: face D:\dev\web\app\Mobile\Controller\IndexController.class.php 第 99 行.
NOTIC: [8] Undefined index: face D:\dev\web\app\Mobile\Controller\IndexController.class.php 第 99 行.
NOTIC: [8] Undefined index: face D:\dev\web\app\Mobile\Controller\IndexController.class.php 第 99 行.
NOTIC: [8] Undefined index: face D:\dev\web\app\Mobile\Controller\IndexController.class.php 第 99 行.
NOTIC: [8] Undefined index: face D:\dev\web\app\Mobile\Controller\IndexController.class.php 第 99 行.
NOTIC: [8] Undefined index: face D:\dev\web\app\Mobile\Controller\IndexController.class.php 第 99 行.
NOTIC: [8] Undefined index: face D:\dev\web\app\Mobile\Controller\IndexController.class.php 第 99 行.
NOTIC: [8] Undefined index: face D:\dev\web\app\Mobile\Controller\IndexController.class.php 第 99 行.
NOTIC: [8] Undefined index: face D:\dev\web\app\Mobile\Controller\IndexController.class.php 第 99 行.
NOTIC: [8] Undefined index: face D:\dev\web\app\Mobile\Controller\IndexController.class.php 第 99 行.
NOTIC: [8] Undefined index: face D:\dev\web\app\Mobile\Controller\IndexController.class.php 第 99 行.
NOTIC: [8] Undefined index: face D:\dev\web\app\Mobile\Controller\IndexController.class.php 第 99 行.
INFO: [ view_parse ] --START--
INFO: [ template_filter ] --START--
INFO: Run Behavior\ContentReplaceBehavior [ RunTime:0.000258s ]
INFO: [ template_filter ] --END-- [ RunTime:0.000289s ]
NOTIC: [8] Use of undefined constant title - assumed 'title' D:\dev\web\Runtime\Cache\Mobile\c5d11212ea1bbb6219d4c6c45b19408a.php 第 183 行.
NOTIC: [8] Use of undefined constant name - assumed 'name' D:\dev\web\Runtime\Cache\Mobile\c5d11212ea1bbb6219d4c6c45b19408a.php 第 283 行.
NOTIC: [8] Use of undefined constant name - assumed 'name' D:\dev\web\Runtime\Cache\Mobile\c5d11212ea1bbb6219d4c6c45b19408a.php 第 283 行.
NOTIC: [8] Use of undefined constant name - assumed 'name' D:\dev\web\Runtime\Cache\Mobile\c5d11212ea1bbb6219d4c6c45b19408a.php 第 283 行.
INFO: Run Behavior\ParseTemplateBehavior [ RunTime:0.020230s ]
INFO: [ view_parse ] --END-- [ RunTime:0.020271s ]
INFO: [ view_filter ] --START--
INFO: Run Behavior\WriteHtmlCacheBehavior [ RunTime:0.000286s ]
INFO: [ view_filter ] --END-- [ RunTime:0.000307s ]
INFO: [ app_end ] --START--
INFO: Run Behavior\ShowPageTraceBehavior [ RunTime:0.000347s ]
INFO: [ app_end ] --END-- [ RunTime:0.000371s ]

[ 2023-10-04T22:51:39+08:00 ] 66.249.65.164 /Apijiekou.getLottery
INFO: [ app_init ] --START--
INFO: Run Behavior\BuildLiteBehavior [ RunTime:0.000008s ]
INFO: [ app_init ] --END-- [ RunTime:0.000264s ]
INFO: [ app_begin ] --START--
INFO: Run Behavior\ReadHtmlCacheBehavior [ RunTime:0.000262s ]
INFO: Run Behavior\CheckLangBehavior [ RunTime:0.000178s ]
INFO: [ app_begin ] --END-- [ RunTime:0.000483s ]
NOTIC: [2048] Declaration of Mobile\Controller\ApijiekouController::getLottery() should be compatible with Common\Controller\ApijiekouController::getLottery($apiparam = Array) D:\dev\web\app\Mobile\Controller\ApijiekouController.class.php 第 5 行.
NOTIC: [2048] Declaration of Mobile\Controller\ApijiekouController::getLotterycode() should be compatible with Common\Controller\ApijiekouController::getLotterycode($apiparam = Array) D:\dev\web\app\Mobile\Controller\ApijiekouController.class.php 第 5 行.
NOTIC: [8] Undefined index: userinfo D:\dev\web\Core\Library\Think\Controller.class.php 第 43 行.
NOTIC: [8] Undefined index: userinfo D:\dev\web\Core\Library\Think\Controller.class.php 第 44 行.
INFO: [ app_end ] --START--
INFO: Run Behavior\ShowPageTraceBehavior [ RunTime:0.000281s ]
INFO: [ app_end ] --END-- [ RunTime:0.000305s ]

