[ 2020-09-09T22:21:23+08:00 ] 223.104.65.18 /
INFO: [ app_init ] --START--
INFO: Run Behavior\BuildLiteBehavior [ RunTime:0.000000s ]
INFO: [ app_init ] --END-- [ RunTime:0.001953s ]
INFO: [ app_begin ] --START--
INFO: Run Behavior\ReadHtmlCacheBehavior [ RunTime:0.000976s ]
INFO: Run Behavior\CheckLangBehavior [ RunTime:0.000977s ]
INFO: [ app_begin ] --END-- [ RunTime:0.002930s ]
NOTIC: [8] Undefined offset: 0 D:\saolin\admin\app\Admincenter\Controller\CommonController.class.php 第 8 行.
INFO: [ view_parse ] --START--
INFO: [ template_filter ] --START--
INFO: Run Behavior\ContentReplaceBehavior [ RunTime:0.000000s ]
INFO: [ template_filter ] --END-- [ RunTime:0.000000s ]
INFO: Run Behavior\ParseTemplateBehavior [ RunTime:0.027344s ]
INFO: [ view_parse ] --END-- [ RunTime:0.027344s ]
INFO: [ view_filter ] --START--
INFO: Run Behavior\WriteHtmlCacheBehavior [ RunTime:0.000976s ]
INFO: [ view_filter ] --END-- [ RunTime:0.000976s ]
INFO: [ app_end ] --START--
INFO: Run Behavior\ShowPageTraceBehavior [ RunTime:0.000977s ]
INFO: [ app_end ] --END-- [ RunTime:0.000977s ]

[ 2020-09-09T22:21:23+08:00 ] 223.104.65.18 /favicon.ico
INFO: [ app_init ] --START--
INFO: Run Behavior\BuildLiteBehavior [ RunTime:0.000000s ]
INFO: [ app_init ] --END-- [ RunTime:0.000000s ]

[ 2020-09-09T22:21:26+08:00 ] 223.104.65.18 /Tongji.gaikuang.do
INFO: [ app_init ] --START--
INFO: Run Behavior\BuildLiteBehavior [ RunTime:0.000977s ]
INFO: [ app_init ] --END-- [ RunTime:0.000977s ]
INFO: [ app_begin ] --START--
INFO: Run Behavior\ReadHtmlCacheBehavior [ RunTime:0.000976s ]
INFO: Run Behavior\CheckLangBehavior [ RunTime:0.000000s ]
INFO: [ app_begin ] --END-- [ RunTime:0.000976s ]
NOTIC: [8] Undefined offset: 0 D:\saolin\admin\app\Admincenter\Controller\CommonController.class.php 第 8 行.
ERR: 1064:You have an error in your SQL syntax; check the manual that corresponds to your MySQL server version for the right syntax to use near ') LIMIT 1' at line 1
 [ SQL语句 ] : SELECT SUM(amount) AS tp_sum FROM `caipiao_recharge` WHERE `state` = 1 AND `isauto` = 1 AND `uid` IN () LIMIT 1  
ERR: 1064:You have an error in your SQL syntax; check the manual that corresponds to your MySQL server version for the right syntax to use near ') LIMIT 1' at line 1
 [ SQL语句 ] : SELECT SUM(amount) AS tp_sum FROM `caipiao_recharge` WHERE `state` = 1 AND `isauto` = 2 AND `sdtype` = 1 AND `uid` IN () LIMIT 1  
ERR: 1064:You have an error in your SQL syntax; check the manual that corresponds to your MySQL server version for the right syntax to use near ') LIMIT 1' at line 1
 [ SQL语句 ] : SELECT SUM(amount) AS tp_sum FROM `caipiao_recharge` WHERE `state` = 1 AND `isauto` = 2 AND `sdtype` = -1 AND `uid` IN () LIMIT 1  
ERR: 1064:You have an error in your SQL syntax; check the manual that corresponds to your MySQL server version for the right syntax to use near ') LIMIT 1' at line 1
 [ SQL语句 ] : SELECT SUM(amount) AS tp_sum FROM `caipiao_withdraw` WHERE `state` = 1 AND `uid` IN () LIMIT 1  
ERR: 1064:You have an error in your SQL syntax; check the manual that corresponds to your MySQL server version for the right syntax to use near ') LIMIT 1' at line 1
 [ SQL语句 ] : SELECT SUM(amount) AS tp_sum FROM `caipiao_touzhu` WHERE `isdraw` IN (1,-1) AND `uid` IN () LIMIT 1  
ERR: 1064:You have an error in your SQL syntax; check the manual that corresponds to your MySQL server version for the right syntax to use near ') LIMIT 1' at line 1
 [ SQL语句 ] : SELECT SUM(okamount) AS tp_sum FROM `caipiao_touzhu` WHERE `isdraw` = 1 AND `uid` IN () LIMIT 1  
ERR: 1064:You have an error in your SQL syntax; check the manual that corresponds to your MySQL server version for the right syntax to use near ') LIMIT 1' at line 1
 [ SQL语句 ] : SELECT SUM(amount) AS tp_sum FROM `caipiao_fuddetail` WHERE `type` IN ('pointexchange','fanshui','yongjinshenhe','jinjishenhe','activity_bindcard','activity_czzs','activity_rxf','activity_rks','activity_yxf','activity_yks') AND `uid` IN () LIMIT 1  
NOTIC: [8] Undefined variable: where D:\saolin\admin\app\Admincenter\Controller\TongjiController.class.php 第 232 行.
NOTIC: [8] Undefined index: touzhuall D:\saolin\admin\app\Admincenter\Controller\TongjiController.class.php 第 256 行.
NOTIC: [8] Undefined index: zhongjiangall D:\saolin\admin\app\Admincenter\Controller\TongjiController.class.php 第 257 行.
INFO: [ view_parse ] --START--
INFO: [ template_filter ] --START--
INFO: Run Behavior\ContentReplaceBehavior [ RunTime:0.000000s ]
INFO: [ template_filter ] --END-- [ RunTime:0.000000s ]
NOTIC: [8] Undefined variable: info D:\saolin\admin\Runtime\Cache\Admincenter\759c46705abf5129023a1bd8578a4184.php 第 48 行.
NOTIC: [8] Undefined variable: _sDate D:\saolin\admin\Runtime\Cache\Admincenter\759c46705abf5129023a1bd8578a4184.php 第 49 行.
NOTIC: [8] Undefined variable: _eDate D:\saolin\admin\Runtime\Cache\Admincenter\759c46705abf5129023a1bd8578a4184.php 第 49 行.
NOTIC: [8] Undefined variable: username D:\saolin\admin\Runtime\Cache\Admincenter\759c46705abf5129023a1bd8578a4184.php 第 51 行.
INFO: Run Behavior\ParseTemplateBehavior [ RunTime:0.014648s ]
INFO: [ view_parse ] --END-- [ RunTime:0.014648s ]
INFO: [ view_filter ] --START--
INFO: Run Behavior\WriteHtmlCacheBehavior [ RunTime:0.000000s ]
INFO: [ view_filter ] --END-- [ RunTime:0.000000s ]
INFO: [ app_end ] --START--
INFO: Run Behavior\ShowPageTraceBehavior [ RunTime:0.000977s ]
INFO: [ app_end ] --END-- [ RunTime:0.000977s ]

[ 2020-09-09T22:21:29+08:00 ] 223.104.65.18 /favicon.ico
INFO: [ app_init ] --START--
INFO: Run Behavior\BuildLiteBehavior [ RunTime:0.000000s ]
INFO: [ app_init ] --END-- [ RunTime:0.000000s ]

[ 2020-09-09T22:21:36+08:00 ] 223.104.65.18 /System.setting.do
INFO: [ app_init ] --START--
INFO: Run Behavior\BuildLiteBehavior [ RunTime:0.000000s ]
INFO: [ app_init ] --END-- [ RunTime:0.000000s ]
INFO: [ app_begin ] --START--
INFO: Run Behavior\ReadHtmlCacheBehavior [ RunTime:0.000976s ]
INFO: Run Behavior\CheckLangBehavior [ RunTime:0.000000s ]
INFO: [ app_begin ] --END-- [ RunTime:0.000976s ]
NOTIC: [2048] Declaration of Admincenter\Controller\SystemController::theme() should be compatible with Think\Controller::theme($theme) D:\saolin\admin\app\Admincenter\Controller\SystemController.class.php 第 4 行.
NOTIC: [8] Undefined offset: 0 D:\saolin\admin\app\Admincenter\Controller\CommonController.class.php 第 8 行.
INFO: [ view_parse ] --START--
INFO: [ template_filter ] --START--
INFO: Run Behavior\ContentReplaceBehavior [ RunTime:0.000000s ]
INFO: [ template_filter ] --END-- [ RunTime:0.000000s ]
NOTIC: [8] Undefined index: webisopen D:\saolin\admin\Runtime\Cache\Admincenter\e2346752ba752b1b4128d368eed8cb66.php 第 67 行.
NOTIC: [8] Undefined index: webisopen D:\saolin\admin\Runtime\Cache\Admincenter\e2346752ba752b1b4128d368eed8cb66.php 第 68 行.
NOTIC: [8] Undefined index: webcloseinfo D:\saolin\admin\Runtime\Cache\Admincenter\e2346752ba752b1b4128d368eed8cb66.php 第 75 行.
NOTIC: [8] Undefined index: switchbuy D:\saolin\admin\Runtime\Cache\Admincenter\e2346752ba752b1b4128d368eed8cb66.php 第 82 行.
NOTIC: [8] Undefined index: switchbuy D:\saolin\admin\Runtime\Cache\Admincenter\e2346752ba752b1b4128d368eed8cb66.php 第 83 行.
NOTIC: [8] Undefined index: switchdlbuy D:\saolin\admin\Runtime\Cache\Admincenter\e2346752ba752b1b4128d368eed8cb66.php 第 90 行.
NOTIC: [8] Undefined index: switchdlbuy D:\saolin\admin\Runtime\Cache\Admincenter\e2346752ba752b1b4128d368eed8cb66.php 第 91 行.
NOTIC: [8] Undefined index: switchzdbuy D:\saolin\admin\Runtime\Cache\Admincenter\e2346752ba752b1b4128d368eed8cb66.php 第 98 行.
NOTIC: [8] Undefined index: switchzdbuy D:\saolin\admin\Runtime\Cache\Admincenter\e2346752ba752b1b4128d368eed8cb66.php 第 99 行.
NOTIC: [8] Undefined index: recharge D:\saolin\admin\Runtime\Cache\Admincenter\e2346752ba752b1b4128d368eed8cb66.php 第 106 行.
NOTIC: [8] Undefined index: recharge D:\saolin\admin\Runtime\Cache\Admincenter\e2346752ba752b1b4128d368eed8cb66.php 第 107 行.
NOTIC: [8] Undefined index: yuanmoshi D:\saolin\admin\Runtime\Cache\Admincenter\e2346752ba752b1b4128d368eed8cb66.php 第 114 行.
NOTIC: [8] Undefined index: jiaomoshi D:\saolin\admin\Runtime\Cache\Admincenter\e2346752ba752b1b4128d368eed8cb66.php 第 115 行.
NOTIC: [8] Undefined index: fenmoshi D:\saolin\admin\Runtime\Cache\Admincenter\e2346752ba752b1b4128d368eed8cb66.php 第 116 行.
NOTIC: [8] Undefined index: limoshi D:\saolin\admin\Runtime\Cache\Admincenter\e2346752ba752b1b4128d368eed8cb66.php 第 117 行.
NOTIC: [8] Undefined index: touzhuMax D:\saolin\admin\Runtime\Cache\Admincenter\e2346752ba752b1b4128d368eed8cb66.php 第 141 行.
NOTIC: [8] Undefined index: zhongjiangMax D:\saolin\admin\Runtime\Cache\Admincenter\e2346752ba752b1b4128d368eed8cb66.php 第 142 行.
INFO: Run Behavior\ParseTemplateBehavior [ RunTime:0.022461s ]
INFO: [ view_parse ] --END-- [ RunTime:0.022461s ]
INFO: [ view_filter ] --START--
INFO: Run Behavior\WriteHtmlCacheBehavior [ RunTime:0.000000s ]
INFO: [ view_filter ] --END-- [ RunTime:0.000000s ]
INFO: [ app_end ] --START--
INFO: Run Behavior\ShowPageTraceBehavior [ RunTime:0.001953s ]
INFO: [ app_end ] --END-- [ RunTime:0.001953s ]

[ 2020-09-09T22:21:37+08:00 ] 223.104.65.18 /Index.checkspeck.do
INFO: [ app_init ] --START--
INFO: Run Behavior\BuildLiteBehavior [ RunTime:0.000000s ]
INFO: [ app_init ] --END-- [ RunTime:0.000000s ]
INFO: [ app_begin ] --START--
INFO: Run Behavior\ReadHtmlCacheBehavior [ RunTime:0.000000s ]
INFO: Run Behavior\CheckLangBehavior [ RunTime:0.000000s ]
INFO: [ app_begin ] --END-- [ RunTime:0.000000s ]
NOTIC: [8] Undefined offset: 0 D:\saolin\admin\app\Admincenter\Controller\CommonController.class.php 第 8 行.
INFO: [ app_end ] --START--
INFO: Run Behavior\ShowPageTraceBehavior [ RunTime:0.001953s ]
INFO: [ app_end ] --END-- [ RunTime:0.001953s ]

[ 2020-09-09T22:21:40+08:00 ] 223.104.65.18 /Member.manage.do
INFO: [ app_init ] --START--
INFO: Run Behavior\BuildLiteBehavior [ RunTime:0.000000s ]
INFO: [ app_init ] --END-- [ RunTime:0.000000s ]
INFO: [ app_begin ] --START--
INFO: Run Behavior\ReadHtmlCacheBehavior [ RunTime:0.000000s ]
INFO: Run Behavior\CheckLangBehavior [ RunTime:0.001953s ]
INFO: [ app_begin ] --END-- [ RunTime:0.002929s ]
NOTIC: [8] Undefined offset: 0 D:\saolin\admin\app\Admincenter\Controller\CommonController.class.php 第 8 行.
NOTIC: [8] Undefined index: sDate D:\saolin\admin\app\Admincenter\Controller\MemberController.class.php 第 103 行.
NOTIC: [8] Undefined index: eDate D:\saolin\admin\app\Admincenter\Controller\MemberController.class.php 第 107 行.
NOTIC: [8] Undefined index: sAmount D:\saolin\admin\app\Admincenter\Controller\MemberController.class.php 第 111 行.
NOTIC: [8] Undefined index: eAmount D:\saolin\admin\app\Admincenter\Controller\MemberController.class.php 第 115 行.
INFO: [ view_parse ] --START--
INFO: [ template_filter ] --START--
INFO: Run Behavior\ContentReplaceBehavior [ RunTime:0.000000s ]
INFO: [ template_filter ] --END-- [ RunTime:0.000000s ]
NOTIC: [8] Undefined variable: groupid D:\saolin\admin\Runtime\Cache\Admincenter\e622a386e054da33768b33c990e4767d.php 第 62 行.
NOTIC: [8] Undefined variable: groupid D:\saolin\admin\Runtime\Cache\Admincenter\e622a386e054da33768b33c990e4767d.php 第 62 行.
NOTIC: [8] Undefined variable: groupid D:\saolin\admin\Runtime\Cache\Admincenter\e622a386e054da33768b33c990e4767d.php 第 62 行.
NOTIC: [8] Undefined variable: groupid D:\saolin\admin\Runtime\Cache\Admincenter\e622a386e054da33768b33c990e4767d.php 第 62 行.
NOTIC: [8] Undefined variable: groupid D:\saolin\admin\Runtime\Cache\Admincenter\e622a386e054da33768b33c990e4767d.php 第 62 行.
NOTIC: [8] Undefined variable: groupid D:\saolin\admin\Runtime\Cache\Admincenter\e622a386e054da33768b33c990e4767d.php 第 62 行.
NOTIC: [8] Undefined variable: groupid D:\saolin\admin\Runtime\Cache\Admincenter\e622a386e054da33768b33c990e4767d.php 第 62 行.
NOTIC: [8] Undefined variable: groupid D:\saolin\admin\Runtime\Cache\Admincenter\e622a386e054da33768b33c990e4767d.php 第 62 行.
NOTIC: [8] Undefined variable: groupid D:\saolin\admin\Runtime\Cache\Admincenter\e622a386e054da33768b33c990e4767d.php 第 62 行.
NOTIC: [8] Undefined variable: groupid D:\saolin\admin\Runtime\Cache\Admincenter\e622a386e054da33768b33c990e4767d.php 第 62 行.
NOTIC: [8] Undefined variable: isonline D:\saolin\admin\Runtime\Cache\Admincenter\e622a386e054da33768b33c990e4767d.php 第 74 行.
NOTIC: [8] Undefined variable: _sDate D:\saolin\admin\Runtime\Cache\Admincenter\e622a386e054da33768b33c990e4767d.php 第 78 行.
NOTIC: [8] Undefined variable: _eDate D:\saolin\admin\Runtime\Cache\Admincenter\e622a386e054da33768b33c990e4767d.php 第 78 行.
NOTIC: [8] Undefined variable: _sAmount D:\saolin\admin\Runtime\Cache\Admincenter\e622a386e054da33768b33c990e4767d.php 第 79 行.
NOTIC: [8] Undefined variable: _eAmount D:\saolin\admin\Runtime\Cache\Admincenter\e622a386e054da33768b33c990e4767d.php 第 79 行.
NOTIC: [8] Undefined variable: username D:\saolin\admin\Runtime\Cache\Admincenter\e622a386e054da33768b33c990e4767d.php 第 82 行.
NOTIC: [8] Undefined variable: userbankname D:\saolin\admin\Runtime\Cache\Admincenter\e622a386e054da33768b33c990e4767d.php 第 83 行.
NOTIC: [8] Undefined variable: qq D:\saolin\admin\Runtime\Cache\Admincenter\e622a386e054da33768b33c990e4767d.php 第 84 行.
NOTIC: [8] Undefined variable: nickname D:\saolin\admin\Runtime\Cache\Admincenter\e622a386e054da33768b33c990e4767d.php 第 88 行.
NOTIC: [8] Undefined variable: loginip D:\saolin\admin\Runtime\Cache\Admincenter\e622a386e054da33768b33c990e4767d.php 第 89 行.
NOTIC: [8] Use of undefined constant islock - assumed 'islock' D:\saolin\admin\Runtime\Cache\Admincenter\e622a386e054da33768b33c990e4767d.php 第 146 行.
NOTIC: [8] Use of undefined constant islock - assumed 'islock' D:\saolin\admin\Runtime\Cache\Admincenter\e622a386e054da33768b33c990e4767d.php 第 146 行.
INFO: Run Behavior\ParseTemplateBehavior [ RunTime:0.027344s ]
INFO: [ view_parse ] --END-- [ RunTime:0.027344s ]
INFO: [ view_filter ] --START--
INFO: Run Behavior\WriteHtmlCacheBehavior [ RunTime:0.000977s ]
INFO: [ view_filter ] --END-- [ RunTime:0.000977s ]
INFO: [ app_end ] --START--
INFO: Run Behavior\ShowPageTraceBehavior [ RunTime:0.000976s ]
INFO: [ app_end ] --END-- [ RunTime:0.000976s ]

[ 2020-09-09T22:21:42+08:00 ] 223.104.65.18 /Member.useradd.do
INFO: [ app_init ] --START--
INFO: Run Behavior\BuildLiteBehavior [ RunTime:0.000000s ]
INFO: [ app_init ] --END-- [ RunTime:0.000000s ]
INFO: [ app_begin ] --START--
INFO: Run Behavior\ReadHtmlCacheBehavior [ RunTime:0.000976s ]
INFO: Run Behavior\CheckLangBehavior [ RunTime:0.000000s ]
INFO: [ app_begin ] --END-- [ RunTime:0.000976s ]
NOTIC: [8] Undefined offset: 0 D:\saolin\admin\app\Admincenter\Controller\CommonController.class.php 第 8 行.
INFO: [ view_parse ] --START--
INFO: [ template_filter ] --START--
INFO: Run Behavior\ContentReplaceBehavior [ RunTime:0.000000s ]
INFO: [ template_filter ] --END-- [ RunTime:0.000000s ]
NOTIC: [8] Undefined variable: info D:\saolin\admin\Runtime\Cache\Admincenter\20c47bbe4d5a625ec4cafd08888e83c0.php 第 43 行.
NOTIC: [8] Undefined variable: info D:\saolin\admin\Runtime\Cache\Admincenter\20c47bbe4d5a625ec4cafd08888e83c0.php 第 43 行.
NOTIC: [8] Undefined variable: info D:\saolin\admin\Runtime\Cache\Admincenter\20c47bbe4d5a625ec4cafd08888e83c0.php 第 43 行.
NOTIC: [8] Undefined variable: info D:\saolin\admin\Runtime\Cache\Admincenter\20c47bbe4d5a625ec4cafd08888e83c0.php 第 43 行.
NOTIC: [8] Undefined variable: info D:\saolin\admin\Runtime\Cache\Admincenter\20c47bbe4d5a625ec4cafd08888e83c0.php 第 43 行.
NOTIC: [8] Undefined variable: info D:\saolin\admin\Runtime\Cache\Admincenter\20c47bbe4d5a625ec4cafd08888e83c0.php 第 43 行.
NOTIC: [8] Undefined variable: info D:\saolin\admin\Runtime\Cache\Admincenter\20c47bbe4d5a625ec4cafd08888e83c0.php 第 43 行.
NOTIC: [8] Undefined variable: info D:\saolin\admin\Runtime\Cache\Admincenter\20c47bbe4d5a625ec4cafd08888e83c0.php 第 43 行.
NOTIC: [8] Undefined variable: info D:\saolin\admin\Runtime\Cache\Admincenter\20c47bbe4d5a625ec4cafd08888e83c0.php 第 43 行.
NOTIC: [8] Undefined variable: info D:\saolin\admin\Runtime\Cache\Admincenter\20c47bbe4d5a625ec4cafd08888e83c0.php 第 43 行.
NOTIC: [8] Undefined variable: info D:\saolin\admin\Runtime\Cache\Admincenter\20c47bbe4d5a625ec4cafd08888e83c0.php 第 51 行.
NOTIC: [8] Undefined variable: info D:\saolin\admin\Runtime\Cache\Admincenter\20c47bbe4d5a625ec4cafd08888e83c0.php 第 55 行.
NOTIC: [8] Undefined variable: info D:\saolin\admin\Runtime\Cache\Admincenter\20c47bbe4d5a625ec4cafd08888e83c0.php 第 63 行.
NOTIC: [8] Undefined variable: info D:\saolin\admin\Runtime\Cache\Admincenter\20c47bbe4d5a625ec4cafd08888e83c0.php 第 102 行.
NOTIC: [8] Undefined variable: info D:\saolin\admin\Runtime\Cache\Admincenter\20c47bbe4d5a625ec4cafd08888e83c0.php 第 109 行.
NOTIC: [8] Undefined variable: info D:\saolin\admin\Runtime\Cache\Admincenter\20c47bbe4d5a625ec4cafd08888e83c0.php 第 116 行.
NOTIC: [8] Undefined variable: info D:\saolin\admin\Runtime\Cache\Admincenter\20c47bbe4d5a625ec4cafd08888e83c0.php 第 123 行.
NOTIC: [8] Undefined variable: info D:\saolin\admin\Runtime\Cache\Admincenter\20c47bbe4d5a625ec4cafd08888e83c0.php 第 131 行.
NOTIC: [8] Undefined variable: info D:\saolin\admin\Runtime\Cache\Admincenter\20c47bbe4d5a625ec4cafd08888e83c0.php 第 135 行.
INFO: Run Behavior\ParseTemplateBehavior [ RunTime:0.013672s ]
INFO: [ view_parse ] --END-- [ RunTime:0.015625s ]
INFO: [ view_filter ] --START--
INFO: Run Behavior\WriteHtmlCacheBehavior [ RunTime:0.000000s ]
INFO: [ view_filter ] --END-- [ RunTime:0.000000s ]
INFO: [ app_end ] --START--
INFO: Run Behavior\ShowPageTraceBehavior [ RunTime:0.000977s ]
INFO: [ app_end ] --END-- [ RunTime:0.000977s ]

[ 2020-09-09T22:21:47+08:00 ] 223.104.65.18 /Index.checkspeck.do
INFO: [ app_init ] --START--
INFO: Run Behavior\BuildLiteBehavior [ RunTime:0.000000s ]
INFO: [ app_init ] --END-- [ RunTime:0.000000s ]
INFO: [ app_begin ] --START--
INFO: Run Behavior\ReadHtmlCacheBehavior [ RunTime:0.000977s ]
INFO: Run Behavior\CheckLangBehavior [ RunTime:0.000000s ]
INFO: [ app_begin ] --END-- [ RunTime:0.000977s ]
NOTIC: [8] Undefined offset: 0 D:\saolin\admin\app\Admincenter\Controller\CommonController.class.php 第 8 行.
INFO: [ app_end ] --START--
INFO: Run Behavior\ShowPageTraceBehavior [ RunTime:0.000977s ]
INFO: [ app_end ] --END-- [ RunTime:0.000977s ]

[ 2020-09-09T22:21:57+08:00 ] 223.104.65.18 /Index.checkspeck.do
INFO: [ app_init ] --START--
INFO: Run Behavior\BuildLiteBehavior [ RunTime:0.000000s ]
INFO: [ app_init ] --END-- [ RunTime:0.000000s ]
INFO: [ app_begin ] --START--
INFO: Run Behavior\ReadHtmlCacheBehavior [ RunTime:0.000000s ]
INFO: Run Behavior\CheckLangBehavior [ RunTime:0.000977s ]
INFO: [ app_begin ] --END-- [ RunTime:0.000977s ]
NOTIC: [8] Undefined offset: 0 D:\saolin\admin\app\Admincenter\Controller\CommonController.class.php 第 8 行.
INFO: [ app_end ] --START--
INFO: Run Behavior\ShowPageTraceBehavior [ RunTime:0.000976s ]
INFO: [ app_end ] --END-- [ RunTime:0.000976s ]

[ 2020-09-09T22:22:05+08:00 ] 223.104.65.18 /Member.useradd.do
INFO: [ app_init ] --START--
INFO: Run Behavior\BuildLiteBehavior [ RunTime:0.000000s ]
INFO: [ app_init ] --END-- [ RunTime:0.000000s ]
INFO: [ app_begin ] --START--
INFO: Run Behavior\ReadHtmlCacheBehavior [ RunTime:0.000977s ]
INFO: Run Behavior\CheckLangBehavior [ RunTime:0.000000s ]
INFO: [ app_begin ] --END-- [ RunTime:0.000977s ]
NOTIC: [8] Undefined offset: 0 D:\saolin\admin\app\Admincenter\Controller\CommonController.class.php 第 8 行.
NOTIC: [8] Undefined index: validate D:\saolin\admin\Core\Library\Think\Model.class.php 第 1185 行.
NOTIC: [8] Undefined index: auto D:\saolin\admin\Core\Library\Think\Model.class.php 第 1128 行.
NOTIC: [8] Undefined index: listorder D:\saolin\admin\app\Admincenter\Controller\CommonController.class.php 第 49 行.

[ 2020-09-09T22:22:08+08:00 ] 223.104.65.18 /Index.checkspeck.do
INFO: [ app_init ] --START--
INFO: Run Behavior\BuildLiteBehavior [ RunTime:0.000000s ]
INFO: [ app_init ] --END-- [ RunTime:0.000977s ]
INFO: [ app_begin ] --START--
INFO: Run Behavior\ReadHtmlCacheBehavior [ RunTime:0.000000s ]
INFO: Run Behavior\CheckLangBehavior [ RunTime:0.000000s ]
INFO: [ app_begin ] --END-- [ RunTime:0.000000s ]
NOTIC: [8] Undefined offset: 0 D:\saolin\admin\app\Admincenter\Controller\CommonController.class.php 第 8 行.
INFO: [ app_end ] --START--
INFO: Run Behavior\ShowPageTraceBehavior [ RunTime:0.000976s ]
INFO: [ app_end ] --END-- [ RunTime:0.000976s ]

[ 2020-09-09T22:22:08+08:00 ] 223.104.65.18 /Member.manage.do
INFO: [ app_init ] --START--
INFO: Run Behavior\BuildLiteBehavior [ RunTime:0.000000s ]
INFO: [ app_init ] --END-- [ RunTime:0.000977s ]
INFO: [ app_begin ] --START--
INFO: Run Behavior\ReadHtmlCacheBehavior [ RunTime:0.001953s ]
INFO: Run Behavior\CheckLangBehavior [ RunTime:0.000000s ]
INFO: [ app_begin ] --END-- [ RunTime:0.001953s ]
NOTIC: [8] Undefined offset: 0 D:\saolin\admin\app\Admincenter\Controller\CommonController.class.php 第 8 行.
NOTIC: [8] Undefined index: sDate D:\saolin\admin\app\Admincenter\Controller\MemberController.class.php 第 103 行.
NOTIC: [8] Undefined index: eDate D:\saolin\admin\app\Admincenter\Controller\MemberController.class.php 第 107 行.
NOTIC: [8] Undefined index: sAmount D:\saolin\admin\app\Admincenter\Controller\MemberController.class.php 第 111 行.
NOTIC: [8] Undefined index: eAmount D:\saolin\admin\app\Admincenter\Controller\MemberController.class.php 第 115 行.
INFO: [ view_parse ] --START--
INFO: [ template_filter ] --START--
INFO: Run Behavior\ContentReplaceBehavior [ RunTime:0.000977s ]
INFO: [ template_filter ] --END-- [ RunTime:0.000977s ]
NOTIC: [8] Undefined variable: groupid D:\saolin\admin\Runtime\Cache\Admincenter\e622a386e054da33768b33c990e4767d.php 第 62 行.
NOTIC: [8] Undefined variable: groupid D:\saolin\admin\Runtime\Cache\Admincenter\e622a386e054da33768b33c990e4767d.php 第 62 行.
NOTIC: [8] Undefined variable: groupid D:\saolin\admin\Runtime\Cache\Admincenter\e622a386e054da33768b33c990e4767d.php 第 62 行.
NOTIC: [8] Undefined variable: groupid D:\saolin\admin\Runtime\Cache\Admincenter\e622a386e054da33768b33c990e4767d.php 第 62 行.
NOTIC: [8] Undefined variable: groupid D:\saolin\admin\Runtime\Cache\Admincenter\e622a386e054da33768b33c990e4767d.php 第 62 行.
NOTIC: [8] Undefined variable: groupid D:\saolin\admin\Runtime\Cache\Admincenter\e622a386e054da33768b33c990e4767d.php 第 62 行.
NOTIC: [8] Undefined variable: groupid D:\saolin\admin\Runtime\Cache\Admincenter\e622a386e054da33768b33c990e4767d.php 第 62 行.
NOTIC: [8] Undefined variable: groupid D:\saolin\admin\Runtime\Cache\Admincenter\e622a386e054da33768b33c990e4767d.php 第 62 行.
NOTIC: [8] Undefined variable: groupid D:\saolin\admin\Runtime\Cache\Admincenter\e622a386e054da33768b33c990e4767d.php 第 62 行.
NOTIC: [8] Undefined variable: groupid D:\saolin\admin\Runtime\Cache\Admincenter\e622a386e054da33768b33c990e4767d.php 第 62 行.
NOTIC: [8] Undefined variable: isonline D:\saolin\admin\Runtime\Cache\Admincenter\e622a386e054da33768b33c990e4767d.php 第 74 行.
NOTIC: [8] Undefined variable: _sDate D:\saolin\admin\Runtime\Cache\Admincenter\e622a386e054da33768b33c990e4767d.php 第 78 行.
NOTIC: [8] Undefined variable: _eDate D:\saolin\admin\Runtime\Cache\Admincenter\e622a386e054da33768b33c990e4767d.php 第 78 行.
NOTIC: [8] Undefined variable: _sAmount D:\saolin\admin\Runtime\Cache\Admincenter\e622a386e054da33768b33c990e4767d.php 第 79 行.
NOTIC: [8] Undefined variable: _eAmount D:\saolin\admin\Runtime\Cache\Admincenter\e622a386e054da33768b33c990e4767d.php 第 79 行.
NOTIC: [8] Undefined variable: username D:\saolin\admin\Runtime\Cache\Admincenter\e622a386e054da33768b33c990e4767d.php 第 82 行.
NOTIC: [8] Undefined variable: userbankname D:\saolin\admin\Runtime\Cache\Admincenter\e622a386e054da33768b33c990e4767d.php 第 83 行.
NOTIC: [8] Undefined variable: qq D:\saolin\admin\Runtime\Cache\Admincenter\e622a386e054da33768b33c990e4767d.php 第 84 行.
NOTIC: [8] Undefined variable: nickname D:\saolin\admin\Runtime\Cache\Admincenter\e622a386e054da33768b33c990e4767d.php 第 88 行.
NOTIC: [8] Undefined variable: loginip D:\saolin\admin\Runtime\Cache\Admincenter\e622a386e054da33768b33c990e4767d.php 第 89 行.
NOTIC: [8] Use of undefined constant islock - assumed 'islock' D:\saolin\admin\Runtime\Cache\Admincenter\e622a386e054da33768b33c990e4767d.php 第 146 行.
NOTIC: [8] Use of undefined constant islock - assumed 'islock' D:\saolin\admin\Runtime\Cache\Admincenter\e622a386e054da33768b33c990e4767d.php 第 146 行.
NOTIC: [8] Use of undefined constant islock - assumed 'islock' D:\saolin\admin\Runtime\Cache\Admincenter\e622a386e054da33768b33c990e4767d.php 第 146 行.
INFO: Run Behavior\ParseTemplateBehavior [ RunTime:0.026367s ]
INFO: [ view_parse ] --END-- [ RunTime:0.026367s ]
INFO: [ view_filter ] --START--
INFO: Run Behavior\WriteHtmlCacheBehavior [ RunTime:0.000000s ]
INFO: [ view_filter ] --END-- [ RunTime:0.000000s ]
INFO: [ app_end ] --START--
INFO: Run Behavior\ShowPageTraceBehavior [ RunTime:0.000977s ]
INFO: [ app_end ] --END-- [ RunTime:0.000977s ]

[ 2020-09-09T22:22:17+08:00 ] 223.104.65.18 /Index.checkspeck.do
INFO: [ app_init ] --START--
INFO: Run Behavior\BuildLiteBehavior [ RunTime:0.000000s ]
INFO: [ app_init ] --END-- [ RunTime:0.000000s ]
INFO: [ app_begin ] --START--
INFO: Run Behavior\ReadHtmlCacheBehavior [ RunTime:0.000976s ]
INFO: Run Behavior\CheckLangBehavior [ RunTime:0.000000s ]
INFO: [ app_begin ] --END-- [ RunTime:0.000976s ]
NOTIC: [8] Undefined offset: 0 D:\saolin\admin\app\Admincenter\Controller\CommonController.class.php 第 8 行.
INFO: [ app_end ] --START--
INFO: Run Behavior\ShowPageTraceBehavior [ RunTime:0.000000s ]
INFO: [ app_end ] --END-- [ RunTime:0.000000s ]

[ 2020-09-09T22:22:27+08:00 ] 223.104.65.18 /Index.checkspeck.do
INFO: [ app_init ] --START--
INFO: Run Behavior\BuildLiteBehavior [ RunTime:0.000000s ]
INFO: [ app_init ] --END-- [ RunTime:0.000976s ]
INFO: [ app_begin ] --START--
INFO: Run Behavior\ReadHtmlCacheBehavior [ RunTime:0.000977s ]
INFO: Run Behavior\CheckLangBehavior [ RunTime:0.000976s ]
INFO: [ app_begin ] --END-- [ RunTime:0.001953s ]
NOTIC: [8] Undefined offset: 0 D:\saolin\admin\app\Admincenter\Controller\CommonController.class.php 第 8 行.
INFO: [ app_end ] --START--
INFO: Run Behavior\ShowPageTraceBehavior [ RunTime:0.000977s ]
INFO: [ app_end ] --END-- [ RunTime:0.000977s ]

[ 2020-09-09T22:22:37+08:00 ] 223.104.65.18 /Index.checkspeck.do
INFO: [ app_init ] --START--
INFO: Run Behavior\BuildLiteBehavior [ RunTime:0.000000s ]
INFO: [ app_init ] --END-- [ RunTime:0.000000s ]
INFO: [ app_begin ] --START--
INFO: Run Behavior\ReadHtmlCacheBehavior [ RunTime:0.000977s ]
INFO: Run Behavior\CheckLangBehavior [ RunTime:0.000976s ]
INFO: [ app_begin ] --END-- [ RunTime:0.001953s ]
NOTIC: [8] Undefined offset: 0 D:\saolin\admin\app\Admincenter\Controller\CommonController.class.php 第 8 行.
INFO: [ app_end ] --START--
INFO: Run Behavior\ShowPageTraceBehavior [ RunTime:0.000976s ]
INFO: [ app_end ] --END-- [ RunTime:0.000976s ]

[ 2020-09-09T22:22:38+08:00 ] 223.104.65.18 /System.setting.do
INFO: [ app_init ] --START--
INFO: Run Behavior\BuildLiteBehavior [ RunTime:0.000000s ]
INFO: [ app_init ] --END-- [ RunTime:0.000977s ]
INFO: [ app_begin ] --START--
INFO: Run Behavior\ReadHtmlCacheBehavior [ RunTime:0.000977s ]
INFO: Run Behavior\CheckLangBehavior [ RunTime:0.000977s ]
INFO: [ app_begin ] --END-- [ RunTime:0.001954s ]
NOTIC: [2048] Declaration of Admincenter\Controller\SystemController::theme() should be compatible with Think\Controller::theme($theme) D:\saolin\admin\app\Admincenter\Controller\SystemController.class.php 第 4 行.
NOTIC: [8] Undefined offset: 0 D:\saolin\admin\app\Admincenter\Controller\CommonController.class.php 第 8 行.
INFO: [ view_parse ] --START--
INFO: [ template_filter ] --START--
INFO: Run Behavior\ContentReplaceBehavior [ RunTime:0.000000s ]
INFO: [ template_filter ] --END-- [ RunTime:0.000000s ]
NOTIC: [8] Undefined index: webisopen D:\saolin\admin\Runtime\Cache\Admincenter\e2346752ba752b1b4128d368eed8cb66.php 第 67 行.
NOTIC: [8] Undefined index: webisopen D:\saolin\admin\Runtime\Cache\Admincenter\e2346752ba752b1b4128d368eed8cb66.php 第 68 行.
NOTIC: [8] Undefined index: webcloseinfo D:\saolin\admin\Runtime\Cache\Admincenter\e2346752ba752b1b4128d368eed8cb66.php 第 75 行.
NOTIC: [8] Undefined index: switchbuy D:\saolin\admin\Runtime\Cache\Admincenter\e2346752ba752b1b4128d368eed8cb66.php 第 82 行.
NOTIC: [8] Undefined index: switchbuy D:\saolin\admin\Runtime\Cache\Admincenter\e2346752ba752b1b4128d368eed8cb66.php 第 83 行.
NOTIC: [8] Undefined index: switchdlbuy D:\saolin\admin\Runtime\Cache\Admincenter\e2346752ba752b1b4128d368eed8cb66.php 第 90 行.
NOTIC: [8] Undefined index: switchdlbuy D:\saolin\admin\Runtime\Cache\Admincenter\e2346752ba752b1b4128d368eed8cb66.php 第 91 行.
NOTIC: [8] Undefined index: switchzdbuy D:\saolin\admin\Runtime\Cache\Admincenter\e2346752ba752b1b4128d368eed8cb66.php 第 98 行.
NOTIC: [8] Undefined index: switchzdbuy D:\saolin\admin\Runtime\Cache\Admincenter\e2346752ba752b1b4128d368eed8cb66.php 第 99 行.
NOTIC: [8] Undefined index: recharge D:\saolin\admin\Runtime\Cache\Admincenter\e2346752ba752b1b4128d368eed8cb66.php 第 106 行.
NOTIC: [8] Undefined index: recharge D:\saolin\admin\Runtime\Cache\Admincenter\e2346752ba752b1b4128d368eed8cb66.php 第 107 行.
NOTIC: [8] Undefined index: yuanmoshi D:\saolin\admin\Runtime\Cache\Admincenter\e2346752ba752b1b4128d368eed8cb66.php 第 114 行.
NOTIC: [8] Undefined index: jiaomoshi D:\saolin\admin\Runtime\Cache\Admincenter\e2346752ba752b1b4128d368eed8cb66.php 第 115 行.
NOTIC: [8] Undefined index: fenmoshi D:\saolin\admin\Runtime\Cache\Admincenter\e2346752ba752b1b4128d368eed8cb66.php 第 116 行.
NOTIC: [8] Undefined index: limoshi D:\saolin\admin\Runtime\Cache\Admincenter\e2346752ba752b1b4128d368eed8cb66.php 第 117 行.
NOTIC: [8] Undefined index: touzhuMax D:\saolin\admin\Runtime\Cache\Admincenter\e2346752ba752b1b4128d368eed8cb66.php 第 141 行.
NOTIC: [8] Undefined index: zhongjiangMax D:\saolin\admin\Runtime\Cache\Admincenter\e2346752ba752b1b4128d368eed8cb66.php 第 142 行.
INFO: Run Behavior\ParseTemplateBehavior [ RunTime:0.022461s ]
INFO: [ view_parse ] --END-- [ RunTime:0.022461s ]
INFO: [ view_filter ] --START--
INFO: Run Behavior\WriteHtmlCacheBehavior [ RunTime:0.000000s ]
INFO: [ view_filter ] --END-- [ RunTime:0.000000s ]
INFO: [ app_end ] --START--
INFO: Run Behavior\ShowPageTraceBehavior [ RunTime:0.000000s ]
INFO: [ app_end ] --END-- [ RunTime:0.000000s ]

[ 2020-09-09T22:22:47+08:00 ] 223.104.65.18 /Index.checkspeck.do
INFO: [ app_init ] --START--
INFO: Run Behavior\BuildLiteBehavior [ RunTime:0.000000s ]
INFO: [ app_init ] --END-- [ RunTime:0.000000s ]
INFO: [ app_begin ] --START--
INFO: Run Behavior\ReadHtmlCacheBehavior [ RunTime:0.000000s ]
INFO: Run Behavior\CheckLangBehavior [ RunTime:0.000976s ]
INFO: [ app_begin ] --END-- [ RunTime:0.000976s ]
NOTIC: [8] Undefined offset: 0 D:\saolin\admin\app\Admincenter\Controller\CommonController.class.php 第 8 行.
INFO: [ app_end ] --START--
INFO: Run Behavior\ShowPageTraceBehavior [ RunTime:0.000000s ]
INFO: [ app_end ] --END-- [ RunTime:0.000977s ]

[ 2020-09-09T22:23:00+08:00 ] 223.104.65.18 /Index.checkspeck.do
INFO: [ app_init ] --START--
INFO: Run Behavior\BuildLiteBehavior [ RunTime:0.000000s ]
INFO: [ app_init ] --END-- [ RunTime:0.000000s ]
INFO: [ app_begin ] --START--
INFO: Run Behavior\ReadHtmlCacheBehavior [ RunTime:0.000000s ]
INFO: Run Behavior\CheckLangBehavior [ RunTime:0.000976s ]
INFO: [ app_begin ] --END-- [ RunTime:0.000976s ]
NOTIC: [8] Undefined offset: 0 D:\saolin\admin\app\Admincenter\Controller\CommonController.class.php 第 8 行.
INFO: [ app_end ] --START--
INFO: Run Behavior\ShowPageTraceBehavior [ RunTime:0.000000s ]
INFO: [ app_end ] --END-- [ RunTime:0.000000s ]

[ 2020-09-09T22:23:09+08:00 ] 223.104.65.18 /Index.checkspeck.do
INFO: [ app_init ] --START--
INFO: Run Behavior\BuildLiteBehavior [ RunTime:0.000000s ]
INFO: [ app_init ] --END-- [ RunTime:0.000000s ]
INFO: [ app_begin ] --START--
INFO: Run Behavior\ReadHtmlCacheBehavior [ RunTime:0.000977s ]
INFO: Run Behavior\CheckLangBehavior [ RunTime:0.000000s ]
INFO: [ app_begin ] --END-- [ RunTime:0.000977s ]
NOTIC: [8] Undefined offset: 0 D:\saolin\admin\app\Admincenter\Controller\CommonController.class.php 第 8 行.
INFO: [ app_end ] --START--
INFO: Run Behavior\ShowPageTraceBehavior [ RunTime:0.000977s ]
INFO: [ app_end ] --END-- [ RunTime:0.000977s ]

[ 2020-09-09T22:23:17+08:00 ] 223.104.65.18 /Index.checkspeck.do
INFO: [ app_init ] --START--
INFO: Run Behavior\BuildLiteBehavior [ RunTime:0.000000s ]
INFO: [ app_init ] --END-- [ RunTime:0.000000s ]
INFO: [ app_begin ] --START--
INFO: Run Behavior\ReadHtmlCacheBehavior [ RunTime:0.000000s ]
INFO: Run Behavior\CheckLangBehavior [ RunTime:0.000976s ]
INFO: [ app_begin ] --END-- [ RunTime:0.001953s ]
NOTIC: [8] Undefined offset: 0 D:\saolin\admin\app\Admincenter\Controller\CommonController.class.php 第 8 行.
INFO: [ app_end ] --START--
INFO: Run Behavior\ShowPageTraceBehavior [ RunTime:0.000976s ]
INFO: [ app_end ] --END-- [ RunTime:0.000976s ]

[ 2020-09-09T22:23:27+08:00 ] 223.104.65.18 /Index.checkspeck.do
INFO: [ app_init ] --START--
INFO: Run Behavior\BuildLiteBehavior [ RunTime:0.000000s ]
INFO: [ app_init ] --END-- [ RunTime:0.000976s ]
INFO: [ app_begin ] --START--
INFO: Run Behavior\ReadHtmlCacheBehavior [ RunTime:0.000976s ]
INFO: Run Behavior\CheckLangBehavior [ RunTime:0.000000s ]
INFO: [ app_begin ] --END-- [ RunTime:0.000976s ]
NOTIC: [8] Undefined offset: 0 D:\saolin\admin\app\Admincenter\Controller\CommonController.class.php 第 8 行.
INFO: [ app_end ] --START--
INFO: Run Behavior\ShowPageTraceBehavior [ RunTime:0.000000s ]
INFO: [ app_end ] --END-- [ RunTime:0.000000s ]

[ 2020-09-09T22:23:37+08:00 ] 223.104.65.18 /Index.checkspeck.do
INFO: [ app_init ] --START--
INFO: Run Behavior\BuildLiteBehavior [ RunTime:0.000000s ]
INFO: [ app_init ] --END-- [ RunTime:0.000000s ]
INFO: [ app_begin ] --START--
INFO: Run Behavior\ReadHtmlCacheBehavior [ RunTime:0.000000s ]
INFO: Run Behavior\CheckLangBehavior [ RunTime:0.000000s ]
INFO: [ app_begin ] --END-- [ RunTime:0.000000s ]
NOTIC: [8] Undefined offset: 0 D:\saolin\admin\app\Admincenter\Controller\CommonController.class.php 第 8 行.
INFO: [ app_end ] --START--
INFO: Run Behavior\ShowPageTraceBehavior [ RunTime:0.000977s ]
INFO: [ app_end ] --END-- [ RunTime:0.000977s ]

[ 2020-09-09T22:23:48+08:00 ] 223.104.65.18 /Index.checkspeck.do
INFO: [ app_init ] --START--
INFO: Run Behavior\BuildLiteBehavior [ RunTime:0.000000s ]
INFO: [ app_init ] --END-- [ RunTime:0.000000s ]
INFO: [ app_begin ] --START--
INFO: Run Behavior\ReadHtmlCacheBehavior [ RunTime:0.000976s ]
INFO: Run Behavior\CheckLangBehavior [ RunTime:0.000977s ]
INFO: [ app_begin ] --END-- [ RunTime:0.001953s ]
NOTIC: [8] Undefined offset: 0 D:\saolin\admin\app\Admincenter\Controller\CommonController.class.php 第 8 行.
INFO: [ app_end ] --START--
INFO: Run Behavior\ShowPageTraceBehavior [ RunTime:0.000976s ]
INFO: [ app_end ] --END-- [ RunTime:0.000976s ]

[ 2020-09-09T22:24:04+08:00 ] 223.104.65.18 /Index.checkspeck.do
INFO: [ app_init ] --START--
INFO: Run Behavior\BuildLiteBehavior [ RunTime:0.000000s ]
INFO: [ app_init ] --END-- [ RunTime:0.000000s ]
INFO: [ app_begin ] --START--
INFO: Run Behavior\ReadHtmlCacheBehavior [ RunTime:0.000977s ]
INFO: Run Behavior\CheckLangBehavior [ RunTime:0.000000s ]
INFO: [ app_begin ] --END-- [ RunTime:0.000977s ]
NOTIC: [8] Undefined offset: 0 D:\saolin\admin\app\Admincenter\Controller\CommonController.class.php 第 8 行.
INFO: [ app_end ] --START--
INFO: Run Behavior\ShowPageTraceBehavior [ RunTime:0.000000s ]
INFO: [ app_end ] --END-- [ RunTime:0.000000s ]

[ 2020-09-09T22:24:07+08:00 ] 223.104.65.18 /Index.checkspeck.do
INFO: [ app_init ] --START--
INFO: Run Behavior\BuildLiteBehavior [ RunTime:0.000000s ]
INFO: [ app_init ] --END-- [ RunTime:0.000977s ]
INFO: [ app_begin ] --START--
INFO: Run Behavior\ReadHtmlCacheBehavior [ RunTime:0.000977s ]
INFO: Run Behavior\CheckLangBehavior [ RunTime:0.000976s ]
INFO: [ app_begin ] --END-- [ RunTime:0.001953s ]
NOTIC: [8] Undefined offset: 0 D:\saolin\admin\app\Admincenter\Controller\CommonController.class.php 第 8 行.
INFO: [ app_end ] --START--
INFO: Run Behavior\ShowPageTraceBehavior [ RunTime:0.000000s ]
INFO: [ app_end ] --END-- [ RunTime:0.000000s ]

[ 2020-09-09T22:24:17+08:00 ] 223.104.65.18 /Index.checkspeck.do
INFO: [ app_init ] --START--
INFO: Run Behavior\BuildLiteBehavior [ RunTime:0.000000s ]
INFO: [ app_init ] --END-- [ RunTime:0.000000s ]
INFO: [ app_begin ] --START--
INFO: Run Behavior\ReadHtmlCacheBehavior [ RunTime:0.001953s ]
INFO: Run Behavior\CheckLangBehavior [ RunTime:0.000000s ]
INFO: [ app_begin ] --END-- [ RunTime:0.001953s ]
NOTIC: [8] Undefined offset: 0 D:\saolin\admin\app\Admincenter\Controller\CommonController.class.php 第 8 行.
INFO: [ app_end ] --START--
INFO: Run Behavior\ShowPageTraceBehavior [ RunTime:0.000976s ]
INFO: [ app_end ] --END-- [ RunTime:0.001953s ]

[ 2020-09-09T22:24:27+08:00 ] 223.104.65.18 /Index.checkspeck.do
INFO: [ app_init ] --START--
INFO: Run Behavior\BuildLiteBehavior [ RunTime:0.000000s ]
INFO: [ app_init ] --END-- [ RunTime:0.000000s ]
INFO: [ app_begin ] --START--
INFO: Run Behavior\ReadHtmlCacheBehavior [ RunTime:0.000000s ]
INFO: Run Behavior\CheckLangBehavior [ RunTime:0.000977s ]
INFO: [ app_begin ] --END-- [ RunTime:0.000977s ]
NOTIC: [8] Undefined offset: 0 D:\saolin\admin\app\Admincenter\Controller\CommonController.class.php 第 8 行.
INFO: [ app_end ] --START--
INFO: Run Behavior\ShowPageTraceBehavior [ RunTime:0.000000s ]
INFO: [ app_end ] --END-- [ RunTime:0.000976s ]

[ 2020-09-09T22:24:37+08:00 ] 223.104.65.18 /Index.checkspeck.do
INFO: [ app_init ] --START--
INFO: Run Behavior\BuildLiteBehavior [ RunTime:0.000000s ]
INFO: [ app_init ] --END-- [ RunTime:0.000000s ]
INFO: [ app_begin ] --START--
INFO: Run Behavior\ReadHtmlCacheBehavior [ RunTime:0.000977s ]
INFO: Run Behavior\CheckLangBehavior [ RunTime:0.000000s ]
INFO: [ app_begin ] --END-- [ RunTime:0.000977s ]
NOTIC: [8] Undefined offset: 0 D:\saolin\admin\app\Admincenter\Controller\CommonController.class.php 第 8 行.
INFO: [ app_end ] --START--
INFO: Run Behavior\ShowPageTraceBehavior [ RunTime:0.000976s ]
INFO: [ app_end ] --END-- [ RunTime:0.000976s ]

[ 2020-09-09T22:24:48+08:00 ] 223.104.65.18 /Index.checkspeck.do
INFO: [ app_init ] --START--
INFO: Run Behavior\BuildLiteBehavior [ RunTime:0.000000s ]
INFO: [ app_init ] --END-- [ RunTime:0.000977s ]
INFO: [ app_begin ] --START--
INFO: Run Behavior\ReadHtmlCacheBehavior [ RunTime:0.000976s ]
INFO: Run Behavior\CheckLangBehavior [ RunTime:0.000000s ]
INFO: [ app_begin ] --END-- [ RunTime:0.001953s ]
NOTIC: [8] Undefined offset: 0 D:\saolin\admin\app\Admincenter\Controller\CommonController.class.php 第 8 行.
INFO: [ app_end ] --START--
INFO: Run Behavior\ShowPageTraceBehavior [ RunTime:0.000976s ]
INFO: [ app_end ] --END-- [ RunTime:0.000976s ]

[ 2020-09-09T22:24:58+08:00 ] 223.104.65.18 /Index.checkspeck.do
INFO: [ app_init ] --START--
INFO: Run Behavior\BuildLiteBehavior [ RunTime:0.000000s ]
INFO: [ app_init ] --END-- [ RunTime:0.000976s ]
INFO: [ app_begin ] --START--
INFO: Run Behavior\ReadHtmlCacheBehavior [ RunTime:0.000976s ]
INFO: Run Behavior\CheckLangBehavior [ RunTime:0.000000s ]
INFO: [ app_begin ] --END-- [ RunTime:0.000976s ]
NOTIC: [8] Undefined offset: 0 D:\saolin\admin\app\Admincenter\Controller\CommonController.class.php 第 8 行.
INFO: [ app_end ] --START--
INFO: Run Behavior\ShowPageTraceBehavior [ RunTime:0.000000s ]
INFO: [ app_end ] --END-- [ RunTime:0.000000s ]

[ 2020-09-09T22:25:08+08:00 ] 223.104.65.18 /Index.checkspeck.do
INFO: [ app_init ] --START--
INFO: Run Behavior\BuildLiteBehavior [ RunTime:0.000000s ]
INFO: [ app_init ] --END-- [ RunTime:0.000000s ]
INFO: [ app_begin ] --START--
INFO: Run Behavior\ReadHtmlCacheBehavior [ RunTime:0.000977s ]
INFO: Run Behavior\CheckLangBehavior [ RunTime:0.000000s ]
INFO: [ app_begin ] --END-- [ RunTime:0.000977s ]
NOTIC: [8] Undefined offset: 0 D:\saolin\admin\app\Admincenter\Controller\CommonController.class.php 第 8 行.
INFO: [ app_end ] --START--
INFO: Run Behavior\ShowPageTraceBehavior [ RunTime:0.000976s ]
INFO: [ app_end ] --END-- [ RunTime:0.000976s ]

[ 2020-09-09T22:25:17+08:00 ] 223.104.65.18 /Index.checkspeck.do
INFO: [ app_init ] --START--
INFO: Run Behavior\BuildLiteBehavior [ RunTime:0.000000s ]
INFO: [ app_init ] --END-- [ RunTime:0.000977s ]
INFO: [ app_begin ] --START--
INFO: Run Behavior\ReadHtmlCacheBehavior [ RunTime:0.000000s ]
INFO: Run Behavior\CheckLangBehavior [ RunTime:0.000977s ]
INFO: [ app_begin ] --END-- [ RunTime:0.000977s ]
NOTIC: [8] Undefined offset: 0 D:\saolin\admin\app\Admincenter\Controller\CommonController.class.php 第 8 行.
INFO: [ app_end ] --START--
INFO: Run Behavior\ShowPageTraceBehavior [ RunTime:0.000977s ]
INFO: [ app_end ] --END-- [ RunTime:0.000977s ]

[ 2020-09-09T22:25:28+08:00 ] 223.104.65.18 /Index.checkspeck.do
INFO: [ app_init ] --START--
INFO: Run Behavior\BuildLiteBehavior [ RunTime:0.000000s ]
INFO: [ app_init ] --END-- [ RunTime:0.000000s ]
INFO: [ app_begin ] --START--
INFO: Run Behavior\ReadHtmlCacheBehavior [ RunTime:0.000976s ]
INFO: Run Behavior\CheckLangBehavior [ RunTime:0.000000s ]
INFO: [ app_begin ] --END-- [ RunTime:0.000976s ]
NOTIC: [8] Undefined offset: 0 D:\saolin\admin\app\Admincenter\Controller\CommonController.class.php 第 8 行.
INFO: [ app_end ] --START--
INFO: Run Behavior\ShowPageTraceBehavior [ RunTime:0.000976s ]
INFO: [ app_end ] --END-- [ RunTime:0.000976s ]

[ 2020-09-09T22:25:37+08:00 ] 223.104.65.18 /Index.checkspeck.do
INFO: [ app_init ] --START--
INFO: Run Behavior\BuildLiteBehavior [ RunTime:0.000000s ]
INFO: [ app_init ] --END-- [ RunTime:0.000000s ]
INFO: [ app_begin ] --START--
INFO: Run Behavior\ReadHtmlCacheBehavior [ RunTime:0.000976s ]
INFO: Run Behavior\CheckLangBehavior [ RunTime:0.000000s ]
INFO: [ app_begin ] --END-- [ RunTime:0.000976s ]
NOTIC: [8] Undefined offset: 0 D:\saolin\admin\app\Admincenter\Controller\CommonController.class.php 第 8 行.
INFO: [ app_end ] --START--
INFO: Run Behavior\ShowPageTraceBehavior [ RunTime:0.000000s ]
INFO: [ app_end ] --END-- [ RunTime:0.000977s ]

[ 2020-09-09T22:25:47+08:00 ] 223.104.65.18 /Index.checkspeck.do
INFO: [ app_init ] --START--
INFO: Run Behavior\BuildLiteBehavior [ RunTime:0.000000s ]
INFO: [ app_init ] --END-- [ RunTime:0.000000s ]
INFO: [ app_begin ] --START--
INFO: Run Behavior\ReadHtmlCacheBehavior [ RunTime:0.000977s ]
INFO: Run Behavior\CheckLangBehavior [ RunTime:0.000000s ]
INFO: [ app_begin ] --END-- [ RunTime:0.000977s ]
NOTIC: [8] Undefined offset: 0 D:\saolin\admin\app\Admincenter\Controller\CommonController.class.php 第 8 行.
INFO: [ app_end ] --START--
INFO: Run Behavior\ShowPageTraceBehavior [ RunTime:0.000976s ]
INFO: [ app_end ] --END-- [ RunTime:0.000976s ]

[ 2020-09-09T22:25:57+08:00 ] 223.104.65.18 /Index.checkspeck.do
INFO: [ app_init ] --START--
INFO: Run Behavior\BuildLiteBehavior [ RunTime:0.000000s ]
INFO: [ app_init ] --END-- [ RunTime:0.000000s ]
INFO: [ app_begin ] --START--
INFO: Run Behavior\ReadHtmlCacheBehavior [ RunTime:0.000000s ]
INFO: Run Behavior\CheckLangBehavior [ RunTime:0.000977s ]
INFO: [ app_begin ] --END-- [ RunTime:0.000977s ]
NOTIC: [8] Undefined offset: 0 D:\saolin\admin\app\Admincenter\Controller\CommonController.class.php 第 8 行.
INFO: [ app_end ] --START--
INFO: Run Behavior\ShowPageTraceBehavior [ RunTime:0.000977s ]
INFO: [ app_end ] --END-- [ RunTime:0.000977s ]

[ 2020-09-09T22:26:07+08:00 ] 223.104.65.18 /Index.checkspeck.do
INFO: [ app_init ] --START--
INFO: Run Behavior\BuildLiteBehavior [ RunTime:0.000000s ]
INFO: [ app_init ] --END-- [ RunTime:0.000000s ]
INFO: [ app_begin ] --START--
INFO: Run Behavior\ReadHtmlCacheBehavior [ RunTime:0.000000s ]
INFO: Run Behavior\CheckLangBehavior [ RunTime:0.000977s ]
INFO: [ app_begin ] --END-- [ RunTime:0.000977s ]
NOTIC: [8] Undefined offset: 0 D:\saolin\admin\app\Admincenter\Controller\CommonController.class.php 第 8 行.
INFO: [ app_end ] --START--
INFO: Run Behavior\ShowPageTraceBehavior [ RunTime:0.000000s ]
INFO: [ app_end ] --END-- [ RunTime:0.000000s ]

[ 2020-09-09T22:26:17+08:00 ] 223.104.65.18 /Index.checkspeck.do
INFO: [ app_init ] --START--
INFO: Run Behavior\BuildLiteBehavior [ RunTime:0.000000s ]
INFO: [ app_init ] --END-- [ RunTime:0.000977s ]
INFO: [ app_begin ] --START--
INFO: Run Behavior\ReadHtmlCacheBehavior [ RunTime:0.000000s ]
INFO: Run Behavior\CheckLangBehavior [ RunTime:0.000000s ]
INFO: [ app_begin ] --END-- [ RunTime:0.000000s ]
NOTIC: [8] Undefined offset: 0 D:\saolin\admin\app\Admincenter\Controller\CommonController.class.php 第 8 行.
INFO: [ app_end ] --START--
INFO: Run Behavior\ShowPageTraceBehavior [ RunTime:0.000000s ]
INFO: [ app_end ] --END-- [ RunTime:0.000000s ]

[ 2020-09-09T22:26:27+08:00 ] 223.104.65.18 /Index.checkspeck.do
INFO: [ app_init ] --START--
INFO: Run Behavior\BuildLiteBehavior [ RunTime:0.000000s ]
INFO: [ app_init ] --END-- [ RunTime:0.000976s ]
INFO: [ app_begin ] --START--
INFO: Run Behavior\ReadHtmlCacheBehavior [ RunTime:0.000976s ]
INFO: Run Behavior\CheckLangBehavior [ RunTime:0.000977s ]
INFO: [ app_begin ] --END-- [ RunTime:0.001953s ]
NOTIC: [8] Undefined offset: 0 D:\saolin\admin\app\Admincenter\Controller\CommonController.class.php 第 8 行.
INFO: [ app_end ] --START--
INFO: Run Behavior\ShowPageTraceBehavior [ RunTime:0.000976s ]
INFO: [ app_end ] --END-- [ RunTime:0.000976s ]

[ 2020-09-09T22:26:37+08:00 ] 223.104.65.18 /Index.checkspeck.do
INFO: [ app_init ] --START--
INFO: Run Behavior\BuildLiteBehavior [ RunTime:0.000000s ]
INFO: [ app_init ] --END-- [ RunTime:0.000000s ]
INFO: [ app_begin ] --START--
INFO: Run Behavior\ReadHtmlCacheBehavior [ RunTime:0.000000s ]
INFO: Run Behavior\CheckLangBehavior [ RunTime:0.000000s ]
INFO: [ app_begin ] --END-- [ RunTime:0.000000s ]
NOTIC: [8] Undefined offset: 0 D:\saolin\admin\app\Admincenter\Controller\CommonController.class.php 第 8 行.
INFO: [ app_end ] --START--
INFO: Run Behavior\ShowPageTraceBehavior [ RunTime:0.000976s ]
INFO: [ app_end ] --END-- [ RunTime:0.000976s ]

[ 2020-09-09T22:26:48+08:00 ] 223.104.65.18 /Index.checkspeck.do
INFO: [ app_init ] --START--
INFO: Run Behavior\BuildLiteBehavior [ RunTime:0.000000s ]
INFO: [ app_init ] --END-- [ RunTime:0.000000s ]
INFO: [ app_begin ] --START--
INFO: Run Behavior\ReadHtmlCacheBehavior [ RunTime:0.000000s ]
INFO: Run Behavior\CheckLangBehavior [ RunTime:0.001953s ]
INFO: [ app_begin ] --END-- [ RunTime:0.001953s ]
NOTIC: [8] Undefined offset: 0 D:\saolin\admin\app\Admincenter\Controller\CommonController.class.php 第 8 行.
INFO: [ app_end ] --START--
INFO: Run Behavior\ShowPageTraceBehavior [ RunTime:0.000000s ]
INFO: [ app_end ] --END-- [ RunTime:0.000000s ]

[ 2020-09-09T22:27:00+08:00 ] 223.104.65.18 /Index.checkspeck.do
INFO: [ app_init ] --START--
INFO: Run Behavior\BuildLiteBehavior [ RunTime:0.000000s ]
INFO: [ app_init ] --END-- [ RunTime:0.000000s ]
INFO: [ app_begin ] --START--
INFO: Run Behavior\ReadHtmlCacheBehavior [ RunTime:0.000000s ]
INFO: Run Behavior\CheckLangBehavior [ RunTime:0.000000s ]
INFO: [ app_begin ] --END-- [ RunTime:0.000000s ]
NOTIC: [8] Undefined offset: 0 D:\saolin\admin\app\Admincenter\Controller\CommonController.class.php 第 8 行.
INFO: [ app_end ] --START--
INFO: Run Behavior\ShowPageTraceBehavior [ RunTime:0.000000s ]
INFO: [ app_end ] --END-- [ RunTime:0.000976s ]

[ 2020-09-09T22:27:10+08:00 ] 223.104.65.18 /Index.checkspeck.do
INFO: [ app_init ] --START--
INFO: Run Behavior\BuildLiteBehavior [ RunTime:0.000000s ]
INFO: [ app_init ] --END-- [ RunTime:0.000000s ]
INFO: [ app_begin ] --START--
INFO: Run Behavior\ReadHtmlCacheBehavior [ RunTime:0.001953s ]
INFO: Run Behavior\CheckLangBehavior [ RunTime:0.000976s ]
INFO: [ app_begin ] --END-- [ RunTime:0.002929s ]
NOTIC: [8] Undefined offset: 0 D:\saolin\admin\app\Admincenter\Controller\CommonController.class.php 第 8 行.
INFO: [ app_end ] --START--
INFO: Run Behavior\ShowPageTraceBehavior [ RunTime:0.000976s ]
INFO: [ app_end ] --END-- [ RunTime:0.001953s ]

[ 2020-09-09T22:27:17+08:00 ] 223.104.65.18 /Index.checkspeck.do
INFO: [ app_init ] --START--
INFO: Run Behavior\BuildLiteBehavior [ RunTime:0.000000s ]
INFO: [ app_init ] --END-- [ RunTime:0.000000s ]
INFO: [ app_begin ] --START--
INFO: Run Behavior\ReadHtmlCacheBehavior [ RunTime:0.000000s ]
INFO: Run Behavior\CheckLangBehavior [ RunTime:0.000977s ]
INFO: [ app_begin ] --END-- [ RunTime:0.000977s ]
NOTIC: [8] Undefined offset: 0 D:\saolin\admin\app\Admincenter\Controller\CommonController.class.php 第 8 行.
INFO: [ app_end ] --START--
INFO: Run Behavior\ShowPageTraceBehavior [ RunTime:0.000976s ]
INFO: [ app_end ] --END-- [ RunTime:0.000976s ]

[ 2020-09-09T22:27:29+08:00 ] 223.104.65.18 /Index.checkspeck.do
INFO: [ app_init ] --START--
INFO: Run Behavior\BuildLiteBehavior [ RunTime:0.000000s ]
INFO: [ app_init ] --END-- [ RunTime:0.000000s ]
INFO: [ app_begin ] --START--
INFO: Run Behavior\ReadHtmlCacheBehavior [ RunTime:0.000977s ]
INFO: Run Behavior\CheckLangBehavior [ RunTime:0.000000s ]
INFO: [ app_begin ] --END-- [ RunTime:0.001954s ]
NOTIC: [8] Undefined offset: 0 D:\saolin\admin\app\Admincenter\Controller\CommonController.class.php 第 8 行.
INFO: [ app_end ] --START--
INFO: Run Behavior\ShowPageTraceBehavior [ RunTime:0.000977s ]
INFO: [ app_end ] --END-- [ RunTime:0.000977s ]

[ 2020-09-09T22:27:38+08:00 ] 223.104.65.18 /Index.checkspeck.do
INFO: [ app_init ] --START--
INFO: Run Behavior\BuildLiteBehavior [ RunTime:0.000000s ]
INFO: [ app_init ] --END-- [ RunTime:0.000000s ]
INFO: [ app_begin ] --START--
INFO: Run Behavior\ReadHtmlCacheBehavior [ RunTime:0.000977s ]
INFO: Run Behavior\CheckLangBehavior [ RunTime:0.000000s ]
INFO: [ app_begin ] --END-- [ RunTime:0.000977s ]
NOTIC: [8] Undefined offset: 0 D:\saolin\admin\app\Admincenter\Controller\CommonController.class.php 第 8 行.
INFO: [ app_end ] --START--
INFO: Run Behavior\ShowPageTraceBehavior [ RunTime:0.000976s ]
INFO: [ app_end ] --END-- [ RunTime:0.000976s ]

[ 2020-09-09T22:27:49+08:00 ] 223.104.65.18 /Index.checkspeck.do
INFO: [ app_init ] --START--
INFO: Run Behavior\BuildLiteBehavior [ RunTime:0.000000s ]
INFO: [ app_init ] --END-- [ RunTime:0.000000s ]
INFO: [ app_begin ] --START--
INFO: Run Behavior\ReadHtmlCacheBehavior [ RunTime:0.000000s ]
INFO: Run Behavior\CheckLangBehavior [ RunTime:0.000000s ]
INFO: [ app_begin ] --END-- [ RunTime:0.000976s ]
NOTIC: [8] Undefined offset: 0 D:\saolin\admin\app\Admincenter\Controller\CommonController.class.php 第 8 行.
INFO: [ app_end ] --START--
INFO: Run Behavior\ShowPageTraceBehavior [ RunTime:0.000000s ]
INFO: [ app_end ] --END-- [ RunTime:0.000000s ]

